2024-10-28 10:17:50,017 - ErrorTracker - INFO - Iniciando nova execução
2024-10-28 10:17:51,545 - ErrorTracker - ERROR - Network Error: HTTP_404 - https://apps.itaipu.gov.br/SAM/undefined - Status: 404
2024-10-28 10:17:51,546 - ErrorTracker - ERROR - Console Error: error - Failed to load resource: the server responded with a status of 404 (Not Found) - Location: https://apps.itaipu.gov.br/SAM/undefined
2024-10-28 10:17:51,604 - ErrorTracker - ERROR - Console Error: error - Failed to load resource: the server responded with a status of 404 (Not Found) - Location: https://apps.itaipu.gov.br/favicon.ico
2024-10-28 10:17:51,802 - ErrorTracker - ERROR - Network Error: HTTP_404 - https://apps.itaipu.gov.br/SAM/undefined - Status: 404
2024-10-28 10:17:51,803 - ErrorTracker - ERROR - Console Error: error - Failed to load resource: the server responded with a status of 404 (Not Found) - Location: https://apps.itaipu.gov.br/SAM/undefined
2024-10-28 10:17:52,611 - ErrorTracker - ERROR - Network Error: HTTP_404 - https://apps.itaipu.gov.br/CustomInputMasks/Blocks/CustomInputMasks/CustomMasks/MaskNumber.js - Status: 404
2024-10-28 10:17:52,612 - ErrorTracker - ERROR - Console Error: error - Failed to load resource: the server responded with a status of 404 (Not Found) - Location: https://apps.itaipu.gov.br/CustomInputMasks/Blocks/CustomInputMasks/CustomMasks/MaskNumber.js
2024-10-28 10:17:52,613 - ErrorTracker - ERROR - Network Error: HTTP_404 - https://apps.itaipu.gov.br/CustomInputMasks/Blocks/CustomInputMasks/Private/AuxFunctions.js - Status: 404
2024-10-28 10:17:52,614 - ErrorTracker - ERROR - Console Error: error - Failed to load resource: the server responded with a status of 404 (Not Found) - Location: https://apps.itaipu.gov.br/CustomInputMasks/Blocks/CustomInputMasks/Private/AuxFunctions.js
2024-10-28 10:17:52,615 - ErrorTracker - ERROR - Network Error: HTTP_404 - https://apps.itaipu.gov.br/CustomInputMasks/Blocks/CustomInputMasks/Private/MaskPlugin.js - Status: 404
2024-10-28 10:17:52,616 - ErrorTracker - ERROR - Console Error: error - Failed to load resource: the server responded with a status of 404 (Not Found) - Location: https://apps.itaipu.gov.br/CustomInputMasks/Blocks/CustomInputMasks/Private/MaskPlugin.js
2024-10-28 10:17:53,516 - ErrorTracker - ERROR - Network Error: HTTP_404 - https://apps.itaipu.gov.br/CustomInputMasks/Blocks/CustomInputMasks/CustomMasks/MaskNumber.js - Status: 404
2024-10-28 10:17:53,517 - ErrorTracker - ERROR - Console Error: error - Failed to load resource: the server responded with a status of 404 (Not Found) - Location: https://apps.itaipu.gov.br/CustomInputMasks/Blocks/CustomInputMasks/CustomMasks/MaskNumber.js
2024-10-28 10:17:53,519 - ErrorTracker - ERROR - Network Error: HTTP_404 - https://apps.itaipu.gov.br/CustomInputMasks/Blocks/CustomInputMasks/Private/AuxFunctions.js - Status: 404
2024-10-28 10:17:53,519 - ErrorTracker - ERROR - Console Error: error - Failed to load resource: the server responded with a status of 404 (Not Found) - Location: https://apps.itaipu.gov.br/CustomInputMasks/Blocks/CustomInputMasks/Private/AuxFunctions.js
2024-10-28 10:17:53,520 - ErrorTracker - ERROR - Network Error: HTTP_404 - https://apps.itaipu.gov.br/CustomInputMasks/Blocks/CustomInputMasks/Private/MaskPlugin.js - Status: 404
2024-10-28 10:17:53,521 - ErrorTracker - ERROR - Console Error: error - Failed to load resource: the server responded with a status of 404 (Not Found) - Location: https://apps.itaipu.gov.br/CustomInputMasks/Blocks/CustomInputMasks/Private/MaskPlugin.js
2024-10-28 10:17:54,020 - ErrorTracker - ERROR - Requisição falhou: https://apps.itaipu.gov.br/SAM_SMA/SSAHome.aspx?_ts=1730121473698
Erro: <Request url='https://apps.itaipu.gov.br/SAM_SMA/SSAHome.aspx?_ts=1730121473698' method='POST'>
2024-10-28 10:17:54,380 - ErrorTracker - ERROR - Network Error: HTTP_404 - https://apps.itaipu.gov.br/CustomInputMasks/Blocks/CustomInputMasks/CustomMasks/MaskNumber.js - Status: 404
2024-10-28 10:17:54,382 - ErrorTracker - ERROR - Console Error: error - Failed to load resource: the server responded with a status of 404 (Not Found) - Location: https://apps.itaipu.gov.br/CustomInputMasks/Blocks/CustomInputMasks/CustomMasks/MaskNumber.js
2024-10-28 10:17:54,383 - ErrorTracker - ERROR - Network Error: HTTP_404 - https://apps.itaipu.gov.br/CustomInputMasks/Blocks/CustomInputMasks/Private/AuxFunctions.js - Status: 404
2024-10-28 10:17:54,384 - ErrorTracker - ERROR - Console Error: error - Failed to load resource: the server responded with a status of 404 (Not Found) - Location: https://apps.itaipu.gov.br/CustomInputMasks/Blocks/CustomInputMasks/Private/AuxFunctions.js
2024-10-28 10:17:54,385 - ErrorTracker - ERROR - Network Error: HTTP_404 - https://apps.itaipu.gov.br/CustomInputMasks/Blocks/CustomInputMasks/Private/MaskPlugin.js - Status: 404
2024-10-28 10:17:54,387 - ErrorTracker - ERROR - Console Error: error - Failed to load resource: the server responded with a status of 404 (Not Found) - Location: https://apps.itaipu.gov.br/CustomInputMasks/Blocks/CustomInputMasks/Private/MaskPlugin.js
2024-10-28 10:17:59,264 - ErrorTracker - ERROR - Network Error: HTTP_404 - https://apps.itaipu.gov.br/CustomInputMasks/Blocks/CustomInputMasks/CustomMasks/MaskNumber.js - Status: 404
2024-10-28 10:17:59,265 - ErrorTracker - ERROR - Console Error: error - Failed to load resource: the server responded with a status of 404 (Not Found) - Location: https://apps.itaipu.gov.br/CustomInputMasks/Blocks/CustomInputMasks/CustomMasks/MaskNumber.js
2024-10-28 10:17:59,266 - ErrorTracker - ERROR - Network Error: HTTP_404 - https://apps.itaipu.gov.br/CustomInputMasks/Blocks/CustomInputMasks/Private/AuxFunctions.js - Status: 404
2024-10-28 10:17:59,267 - ErrorTracker - ERROR - Console Error: error - Failed to load resource: the server responded with a status of 404 (Not Found) - Location: https://apps.itaipu.gov.br/CustomInputMasks/Blocks/CustomInputMasks/Private/AuxFunctions.js
2024-10-28 10:17:59,269 - ErrorTracker - ERROR - Network Error: HTTP_404 - https://apps.itaipu.gov.br/CustomInputMasks/Blocks/CustomInputMasks/Private/MaskPlugin.js - Status: 404
2024-10-28 10:17:59,269 - ErrorTracker - ERROR - Console Error: error - Failed to load resource: the server responded with a status of 404 (Not Found) - Location: https://apps.itaipu.gov.br/CustomInputMasks/Blocks/CustomInputMasks/Private/MaskPlugin.js
2024-10-28 10:20:20,591 - ErrorTracker - ERROR - Requisição falhou: https://apps.itaipu.gov.br/SAM_SMA_Reports/PendingGeneralSSAs.aspx
Erro: <Request url='https://apps.itaipu.gov.br/SAM_SMA_Reports/PendingGeneralSSAs.aspx' method='POST'>
2024-10-28 10:20:21,054 - ErrorTracker - INFO - === RESUMO COMPLETO ===
2024-10-28 10:20:21,054 - ErrorTracker - INFO - Total de erros: 31
2024-10-28 10:20:21,054 - ErrorTracker - INFO - Críticos: 1
2024-10-28 10:20:21,054 - ErrorTracker - INFO - Outros: 3
2024-10-28 10:20:21,055 - ErrorTracker - INFO - Ignoráveis: 27
2024-10-28 10:20:21,055 - ErrorTracker - INFO - === CRITICAL ===
2024-10-28 10:20:21,055 - ErrorTracker - INFO - 2024-10-28T10:20:20.592616: NetworkError(timestamp='2024-10-28T10:20:20.592616', url='https://apps.itaipu.gov.br/SAM_SMA_Reports/PendingGeneralSSAs.aspx', status=0, method='POST', error_type='REQUEST_FAILED', details="<Request url='https://apps.itaipu.gov.br/SAM_SMA_Reports/PendingGeneralSSAs.aspx' method='POST'>", severity=<ErrorSeverity.ERROR: 'ERROR'>)
2024-10-28 10:20:21,055 - ErrorTracker - INFO - === OTHER ===
2024-10-28 10:20:21,055 - ErrorTracker - INFO - 2024-10-28T10:17:51.545477: NetworkError(timestamp='2024-10-28T10:17:51.545477', url='https://apps.itaipu.gov.br/SAM/undefined', status=404, method='GET', error_type='HTTP_404', details='Not Found', severity=<ErrorSeverity.WARNING: 'WARNING'>)
2024-10-28 10:20:21,056 - ErrorTracker - INFO - 2024-10-28T10:17:51.802333: NetworkError(timestamp='2024-10-28T10:17:51.802333', url='https://apps.itaipu.gov.br/SAM/undefined', status=404, method='GET', error_type='HTTP_404', details='Not Found', severity=<ErrorSeverity.WARNING: 'WARNING'>)
2024-10-28 10:20:21,056 - ErrorTracker - INFO - 2024-10-28T10:17:54.021245: NetworkError(timestamp='2024-10-28T10:17:54.021245', url='https://apps.itaipu.gov.br/SAM_SMA/SSAHome.aspx?_ts=1730121473698', status=0, method='POST', error_type='REQUEST_FAILED', details="<Request url='https://apps.itaipu.gov.br/SAM_SMA/SSAHome.aspx?_ts=1730121473698' method='POST'>", severity=<ErrorSeverity.ERROR: 'ERROR'>)
2024-10-28 10:20:21,056 - ErrorTracker - INFO - === IGNORABLE ===
2024-10-28 10:20:21,056 - ErrorTracker - INFO - 2024-10-28T10:17:52.611423: NetworkError(timestamp='2024-10-28T10:17:52.611423', url='https://apps.itaipu.gov.br/CustomInputMasks/Blocks/CustomInputMasks/CustomMasks/MaskNumber.js', status=404, method='GET', error_type='HTTP_404', details='Not Found', severity=<ErrorSeverity.WARNING: 'WARNING'>)
2024-10-28 10:20:21,057 - ErrorTracker - INFO - 2024-10-28T10:17:52.613636: NetworkError(timestamp='2024-10-28T10:17:52.613636', url='https://apps.itaipu.gov.br/CustomInputMasks/Blocks/CustomInputMasks/Private/AuxFunctions.js', status=404, method='GET', error_type='HTTP_404', details='Not Found', severity=<ErrorSeverity.WARNING: 'WARNING'>)
2024-10-28 10:20:21,057 - ErrorTracker - INFO - 2024-10-28T10:17:52.615800: NetworkError(timestamp='2024-10-28T10:17:52.615800', url='https://apps.itaipu.gov.br/CustomInputMasks/Blocks/CustomInputMasks/Private/MaskPlugin.js', status=404, method='GET', error_type='HTTP_404', details='Not Found', severity=<ErrorSeverity.WARNING: 'WARNING'>)
2024-10-28 10:20:21,057 - ErrorTracker - INFO - 2024-10-28T10:17:53.516291: NetworkError(timestamp='2024-10-28T10:17:53.516291', url='https://apps.itaipu.gov.br/CustomInputMasks/Blocks/CustomInputMasks/CustomMasks/MaskNumber.js', status=404, method='GET', error_type='HTTP_404', details='Not Found', severity=<ErrorSeverity.WARNING: 'WARNING'>)
2024-10-28 10:20:21,057 - ErrorTracker - INFO - 2024-10-28T10:17:53.518971: NetworkError(timestamp='2024-10-28T10:17:53.518971', url='https://apps.itaipu.gov.br/CustomInputMasks/Blocks/CustomInputMasks/Private/AuxFunctions.js', status=404, method='GET', error_type='HTTP_404', details='Not Found', severity=<ErrorSeverity.WARNING: 'WARNING'>)
2024-10-28 10:20:21,058 - ErrorTracker - INFO - 2024-10-28T10:17:53.520905: NetworkError(timestamp='2024-10-28T10:17:53.520905', url='https://apps.itaipu.gov.br/CustomInputMasks/Blocks/CustomInputMasks/Private/MaskPlugin.js', status=404, method='GET', error_type='HTTP_404', details='Not Found', severity=<ErrorSeverity.WARNING: 'WARNING'>)
2024-10-28 10:20:21,058 - ErrorTracker - INFO - 2024-10-28T10:17:54.380876: NetworkError(timestamp='2024-10-28T10:17:54.380876', url='https://apps.itaipu.gov.br/CustomInputMasks/Blocks/CustomInputMasks/CustomMasks/MaskNumber.js', status=404, method='GET', error_type='HTTP_404', details='Not Found', severity=<ErrorSeverity.WARNING: 'WARNING'>)
2024-10-28 10:20:21,058 - ErrorTracker - INFO - 2024-10-28T10:17:54.383425: NetworkError(timestamp='2024-10-28T10:17:54.383425', url='https://apps.itaipu.gov.br/CustomInputMasks/Blocks/CustomInputMasks/Private/AuxFunctions.js', status=404, method='GET', error_type='HTTP_404', details='Not Found', severity=<ErrorSeverity.WARNING: 'WARNING'>)
2024-10-28 10:20:21,059 - ErrorTracker - INFO - 2024-10-28T10:17:54.385715: NetworkError(timestamp='2024-10-28T10:17:54.385715', url='https://apps.itaipu.gov.br/CustomInputMasks/Blocks/CustomInputMasks/Private/MaskPlugin.js', status=404, method='GET', error_type='HTTP_404', details='Not Found', severity=<ErrorSeverity.WARNING: 'WARNING'>)
2024-10-28 10:20:21,059 - ErrorTracker - INFO - 2024-10-28T10:17:59.264509: NetworkError(timestamp='2024-10-28T10:17:59.264509', url='https://apps.itaipu.gov.br/CustomInputMasks/Blocks/CustomInputMasks/CustomMasks/MaskNumber.js', status=404, method='GET', error_type='HTTP_404', details='Not Found', severity=<ErrorSeverity.WARNING: 'WARNING'>)
2024-10-28 10:20:21,059 - ErrorTracker - INFO - 2024-10-28T10:17:59.266852: NetworkError(timestamp='2024-10-28T10:17:59.266852', url='https://apps.itaipu.gov.br/CustomInputMasks/Blocks/CustomInputMasks/Private/AuxFunctions.js', status=404, method='GET', error_type='HTTP_404', details='Not Found', severity=<ErrorSeverity.WARNING: 'WARNING'>)
2024-10-28 10:20:21,059 - ErrorTracker - INFO - 2024-10-28T10:17:59.269082: NetworkError(timestamp='2024-10-28T10:17:59.269082', url='https://apps.itaipu.gov.br/CustomInputMasks/Blocks/CustomInputMasks/Private/MaskPlugin.js', status=404, method='GET', error_type='HTTP_404', details='Not Found', severity=<ErrorSeverity.WARNING: 'WARNING'>)
2024-10-28 10:20:21,060 - ErrorTracker - INFO - 2024-10-28T10:17:51.546565: ConsoleError(timestamp='2024-10-28T10:17:51.546565', type='error', text='Failed to load resource: the server responded with a status of 404 (Not Found)', location='https://apps.itaipu.gov.br/SAM/undefined', stack_trace=None, severity=<ErrorSeverity.ERROR: 'ERROR'>)
2024-10-28 10:20:21,060 - ErrorTracker - INFO - 2024-10-28T10:17:51.604757: ConsoleError(timestamp='2024-10-28T10:17:51.604757', type='error', text='Failed to load resource: the server responded with a status of 404 (Not Found)', location='https://apps.itaipu.gov.br/favicon.ico', stack_trace=None, severity=<ErrorSeverity.ERROR: 'ERROR'>)
2024-10-28 10:20:21,060 - ErrorTracker - INFO - 2024-10-28T10:17:51.803501: ConsoleError(timestamp='2024-10-28T10:17:51.803501', type='error', text='Failed to load resource: the server responded with a status of 404 (Not Found)', location='https://apps.itaipu.gov.br/SAM/undefined', stack_trace=None, severity=<ErrorSeverity.ERROR: 'ERROR'>)
2024-10-28 10:20:21,060 - ErrorTracker - INFO - 2024-10-28T10:17:52.612312: ConsoleError(timestamp='2024-10-28T10:17:52.612312', type='error', text='Failed to load resource: the server responded with a status of 404 (Not Found)', location='https://apps.itaipu.gov.br/CustomInputMasks/Blocks/CustomInputMasks/CustomMasks/MaskNumber.js', stack_trace=None, severity=<ErrorSeverity.ERROR: 'ERROR'>)
2024-10-28 10:20:21,061 - ErrorTracker - INFO - 2024-10-28T10:17:52.614823: ConsoleError(timestamp='2024-10-28T10:17:52.614823', type='error', text='Failed to load resource: the server responded with a status of 404 (Not Found)', location='https://apps.itaipu.gov.br/CustomInputMasks/Blocks/CustomInputMasks/Private/AuxFunctions.js', stack_trace=None, severity=<ErrorSeverity.ERROR: 'ERROR'>)
2024-10-28 10:20:21,061 - ErrorTracker - INFO - 2024-10-28T10:17:52.616645: ConsoleError(timestamp='2024-10-28T10:17:52.616645', type='error', text='Failed to load resource: the server responded with a status of 404 (Not Found)', location='https://apps.itaipu.gov.br/CustomInputMasks/Blocks/CustomInputMasks/Private/MaskPlugin.js', stack_trace=None, severity=<ErrorSeverity.ERROR: 'ERROR'>)
2024-10-28 10:20:21,061 - ErrorTracker - INFO - 2024-10-28T10:17:53.517643: ConsoleError(timestamp='2024-10-28T10:17:53.517643', type='error', text='Failed to load resource: the server responded with a status of 404 (Not Found)', location='https://apps.itaipu.gov.br/CustomInputMasks/Blocks/CustomInputMasks/CustomMasks/MaskNumber.js', stack_trace=None, severity=<ErrorSeverity.ERROR: 'ERROR'>)
2024-10-28 10:20:21,062 - ErrorTracker - INFO - 2024-10-28T10:17:53.519895: ConsoleError(timestamp='2024-10-28T10:17:53.519895', type='error', text='Failed to load resource: the server responded with a status of 404 (Not Found)', location='https://apps.itaipu.gov.br/CustomInputMasks/Blocks/CustomInputMasks/Private/AuxFunctions.js', stack_trace=None, severity=<ErrorSeverity.ERROR: 'ERROR'>)
2024-10-28 10:20:21,062 - ErrorTracker - INFO - 2024-10-28T10:17:53.521857: ConsoleError(timestamp='2024-10-28T10:17:53.521857', type='error', text='Failed to load resource: the server responded with a status of 404 (Not Found)', location='https://apps.itaipu.gov.br/CustomInputMasks/Blocks/CustomInputMasks/Private/MaskPlugin.js', stack_trace=None, severity=<ErrorSeverity.ERROR: 'ERROR'>)
2024-10-28 10:20:21,063 - ErrorTracker - INFO - 2024-10-28T10:17:54.382101: ConsoleError(timestamp='2024-10-28T10:17:54.382101', type='error', text='Failed to load resource: the server responded with a status of 404 (Not Found)', location='https://apps.itaipu.gov.br/CustomInputMasks/Blocks/CustomInputMasks/CustomMasks/MaskNumber.js', stack_trace=None, severity=<ErrorSeverity.ERROR: 'ERROR'>)
2024-10-28 10:20:21,063 - ErrorTracker - INFO - 2024-10-28T10:17:54.384282: ConsoleError(timestamp='2024-10-28T10:17:54.384282', type='error', text='Failed to load resource: the server responded with a status of 404 (Not Found)', location='https://apps.itaipu.gov.br/CustomInputMasks/Blocks/CustomInputMasks/Private/AuxFunctions.js', stack_trace=None, severity=<ErrorSeverity.ERROR: 'ERROR'>)
2024-10-28 10:20:21,063 - ErrorTracker - INFO - 2024-10-28T10:17:54.386992: ConsoleError(timestamp='2024-10-28T10:17:54.386992', type='error', text='Failed to load resource: the server responded with a status of 404 (Not Found)', location='https://apps.itaipu.gov.br/CustomInputMasks/Blocks/CustomInputMasks/Private/MaskPlugin.js', stack_trace=None, severity=<ErrorSeverity.ERROR: 'ERROR'>)
2024-10-28 10:20:21,063 - ErrorTracker - INFO - 2024-10-28T10:17:59.265575: ConsoleError(timestamp='2024-10-28T10:17:59.265575', type='error', text='Failed to load resource: the server responded with a status of 404 (Not Found)', location='https://apps.itaipu.gov.br/CustomInputMasks/Blocks/CustomInputMasks/CustomMasks/MaskNumber.js', stack_trace=None, severity=<ErrorSeverity.ERROR: 'ERROR'>)
2024-10-28 10:20:21,064 - ErrorTracker - INFO - 2024-10-28T10:17:59.267859: ConsoleError(timestamp='2024-10-28T10:17:59.267859', type='error', text='Failed to load resource: the server responded with a status of 404 (Not Found)', location='https://apps.itaipu.gov.br/CustomInputMasks/Blocks/CustomInputMasks/Private/AuxFunctions.js', stack_trace=None, severity=<ErrorSeverity.ERROR: 'ERROR'>)
2024-10-28 10:20:21,064 - ErrorTracker - INFO - 2024-10-28T10:17:59.269940: ConsoleError(timestamp='2024-10-28T10:17:59.269940', type='error', text='Failed to load resource: the server responded with a status of 404 (Not Found)', location='https://apps.itaipu.gov.br/CustomInputMasks/Blocks/CustomInputMasks/Private/MaskPlugin.js', stack_trace=None, severity=<ErrorSeverity.ERROR: 'ERROR'>)
