2024-10-28 15:14:39,854 - ErrorTracker - INFO - Iniciando nova execução
2024-10-28 15:14:40,221 - ErrorTracker - ERROR - Network Error: HTTP_404 - https://apps.itaipu.gov.br/SAM/undefined - Status: 404
2024-10-28 15:14:40,222 - ErrorTracker - ERROR - Console Error: error - Failed to load resource: the server responded with a status of 404 (Not Found) - Location: https://apps.itaipu.gov.br/SAM/undefined
2024-10-28 15:14:40,267 - ErrorTracker - ERROR - Console Error: error - Failed to load resource: the server responded with a status of 404 (Not Found) - Location: https://apps.itaipu.gov.br/favicon.ico
2024-10-28 15:14:40,478 - ErrorTracker - ERROR - Network Error: HTTP_404 - https://apps.itaipu.gov.br/SAM/undefined - Status: 404
2024-10-28 15:14:40,479 - ErrorTracker - ERROR - Console Error: error - Failed to load resource: the server responded with a status of 404 (Not Found) - Location: https://apps.itaipu.gov.br/SAM/undefined
2024-10-28 15:14:41,321 - ErrorTracker - ERROR - Network Error: HTTP_404 - https://apps.itaipu.gov.br/CustomInputMasks/Blocks/CustomInputMasks/CustomMasks/MaskNumber.js - Status: 404
2024-10-28 15:14:41,322 - ErrorTracker - ERROR - Console Error: error - Failed to load resource: the server responded with a status of 404 (Not Found) - Location: https://apps.itaipu.gov.br/CustomInputMasks/Blocks/CustomInputMasks/CustomMasks/MaskNumber.js
2024-10-28 15:14:41,323 - ErrorTracker - ERROR - Network Error: HTTP_404 - https://apps.itaipu.gov.br/CustomInputMasks/Blocks/CustomInputMasks/Private/AuxFunctions.js - Status: 404
2024-10-28 15:14:41,324 - ErrorTracker - ERROR - Console Error: error - Failed to load resource: the server responded with a status of 404 (Not Found) - Location: https://apps.itaipu.gov.br/CustomInputMasks/Blocks/CustomInputMasks/Private/AuxFunctions.js
2024-10-28 15:14:41,325 - ErrorTracker - ERROR - Network Error: HTTP_404 - https://apps.itaipu.gov.br/CustomInputMasks/Blocks/CustomInputMasks/Private/MaskPlugin.js - Status: 404
2024-10-28 15:14:41,326 - ErrorTracker - ERROR - Console Error: error - Failed to load resource: the server responded with a status of 404 (Not Found) - Location: https://apps.itaipu.gov.br/CustomInputMasks/Blocks/CustomInputMasks/Private/MaskPlugin.js
2024-10-28 15:14:42,093 - ErrorTracker - ERROR - Network Error: HTTP_404 - https://apps.itaipu.gov.br/CustomInputMasks/Blocks/CustomInputMasks/CustomMasks/MaskNumber.js - Status: 404
2024-10-28 15:14:42,095 - ErrorTracker - ERROR - Console Error: error - Failed to load resource: the server responded with a status of 404 (Not Found) - Location: https://apps.itaipu.gov.br/CustomInputMasks/Blocks/CustomInputMasks/CustomMasks/MaskNumber.js
2024-10-28 15:14:42,096 - ErrorTracker - ERROR - Network Error: HTTP_404 - https://apps.itaipu.gov.br/CustomInputMasks/Blocks/CustomInputMasks/Private/AuxFunctions.js - Status: 404
2024-10-28 15:14:42,096 - ErrorTracker - ERROR - Console Error: error - Failed to load resource: the server responded with a status of 404 (Not Found) - Location: https://apps.itaipu.gov.br/CustomInputMasks/Blocks/CustomInputMasks/Private/AuxFunctions.js
2024-10-28 15:14:42,097 - ErrorTracker - ERROR - Network Error: HTTP_404 - https://apps.itaipu.gov.br/CustomInputMasks/Blocks/CustomInputMasks/Private/MaskPlugin.js - Status: 404
2024-10-28 15:14:42,097 - ErrorTracker - ERROR - Console Error: error - Failed to load resource: the server responded with a status of 404 (Not Found) - Location: https://apps.itaipu.gov.br/CustomInputMasks/Blocks/CustomInputMasks/Private/MaskPlugin.js
2024-10-28 15:14:44,714 - ErrorTracker - ERROR - Network Error: HTTP_404 - https://apps.itaipu.gov.br/CustomInputMasks/Blocks/CustomInputMasks/CustomMasks/MaskNumber.js - Status: 404
2024-10-28 15:14:44,715 - ErrorTracker - ERROR - Console Error: error - Failed to load resource: the server responded with a status of 404 (Not Found) - Location: https://apps.itaipu.gov.br/CustomInputMasks/Blocks/CustomInputMasks/CustomMasks/MaskNumber.js
2024-10-28 15:14:44,717 - ErrorTracker - ERROR - Network Error: HTTP_404 - https://apps.itaipu.gov.br/CustomInputMasks/Blocks/CustomInputMasks/Private/AuxFunctions.js - Status: 404
2024-10-28 15:14:44,717 - ErrorTracker - ERROR - Console Error: error - Failed to load resource: the server responded with a status of 404 (Not Found) - Location: https://apps.itaipu.gov.br/CustomInputMasks/Blocks/CustomInputMasks/Private/AuxFunctions.js
2024-10-28 15:14:44,718 - ErrorTracker - ERROR - Network Error: HTTP_404 - https://apps.itaipu.gov.br/CustomInputMasks/Blocks/CustomInputMasks/Private/MaskPlugin.js - Status: 404
2024-10-28 15:14:44,719 - ErrorTracker - ERROR - Console Error: error - Failed to load resource: the server responded with a status of 404 (Not Found) - Location: https://apps.itaipu.gov.br/CustomInputMasks/Blocks/CustomInputMasks/Private/MaskPlugin.js
2024-10-28 15:14:49,476 - ErrorTracker - ERROR - Network Error: HTTP_404 - https://apps.itaipu.gov.br/CustomInputMasks/Blocks/CustomInputMasks/CustomMasks/MaskNumber.js - Status: 404
2024-10-28 15:14:49,476 - ErrorTracker - ERROR - Console Error: error - Failed to load resource: the server responded with a status of 404 (Not Found) - Location: https://apps.itaipu.gov.br/CustomInputMasks/Blocks/CustomInputMasks/CustomMasks/MaskNumber.js
2024-10-28 15:14:49,477 - ErrorTracker - ERROR - Network Error: HTTP_404 - https://apps.itaipu.gov.br/CustomInputMasks/Blocks/CustomInputMasks/Private/AuxFunctions.js - Status: 404
2024-10-28 15:14:49,478 - ErrorTracker - ERROR - Console Error: error - Failed to load resource: the server responded with a status of 404 (Not Found) - Location: https://apps.itaipu.gov.br/CustomInputMasks/Blocks/CustomInputMasks/Private/AuxFunctions.js
2024-10-28 15:14:49,479 - ErrorTracker - ERROR - Network Error: HTTP_404 - https://apps.itaipu.gov.br/CustomInputMasks/Blocks/CustomInputMasks/Private/MaskPlugin.js - Status: 404
2024-10-28 15:14:49,479 - ErrorTracker - ERROR - Console Error: error - Failed to load resource: the server responded with a status of 404 (Not Found) - Location: https://apps.itaipu.gov.br/CustomInputMasks/Blocks/CustomInputMasks/Private/MaskPlugin.js
2024-10-28 15:17:00,831 - ErrorTracker - ERROR - Requisição falhou: https://apps.itaipu.gov.br/SAM_SMA_Reports/PendingGeneralSSAs.aspx
Erro: <Request url='https://apps.itaipu.gov.br/SAM_SMA_Reports/PendingGeneralSSAs.aspx' method='POST'>
2024-10-28 15:17:01,303 - ErrorTracker - INFO - === RESUMO COMPLETO ===
2024-10-28 15:17:01,303 - ErrorTracker - INFO - Total de erros: 30
2024-10-28 15:17:01,304 - ErrorTracker - INFO - DOWNLOAD_ERROR: 1
2024-10-28 15:17:01,304 - ErrorTracker - INFO - Recursos não essenciais não encontrados (404): 27
2024-10-28 15:17:01,304 - ErrorTracker - INFO - OTHER: 2
