2024-11-11 09:01:45,601 - ErrorTracker - INFO - Iniciando nova execução
2024-11-11 09:01:46,193 - ErrorTracker - ERROR - Network Error: HTTP_404 - https://apps.itaipu.gov.br/SAM/undefined - Status: 404
2024-11-11 09:01:46,194 - ErrorTracker - ERROR - Console Error: error - Failed to load resource: the server responded with a status of 404 (Not Found) - Location: https://apps.itaipu.gov.br/SAM/undefined
2024-11-11 09:01:46,280 - ErrorTracker - ERROR - Console Error: error - Failed to load resource: the server responded with a status of 404 (Not Found) - Location: https://apps.itaipu.gov.br/favicon.ico
2024-11-11 09:01:46,513 - ErrorTracker - ERROR - Network Error: HTTP_404 - https://apps.itaipu.gov.br/SAM/undefined - Status: 404
2024-11-11 09:01:46,514 - ErrorTracker - ERROR - Console Error: error - Failed to load resource: the server responded with a status of 404 (Not Found) - Location: https://apps.itaipu.gov.br/SAM/undefined
2024-11-11 09:01:47,327 - ErrorTracker - ERROR - Network Error: HTTP_404 - https://apps.itaipu.gov.br/CustomInputMasks/Blocks/CustomInputMasks/CustomMasks/MaskNumber.js - Status: 404
2024-11-11 09:01:47,328 - ErrorTracker - ERROR - Console Error: error - Failed to load resource: the server responded with a status of 404 (Not Found) - Location: https://apps.itaipu.gov.br/CustomInputMasks/Blocks/CustomInputMasks/CustomMasks/MaskNumber.js
2024-11-11 09:01:47,329 - ErrorTracker - ERROR - Network Error: HTTP_404 - https://apps.itaipu.gov.br/CustomInputMasks/Blocks/CustomInputMasks/Private/AuxFunctions.js - Status: 404
2024-11-11 09:01:47,329 - ErrorTracker - ERROR - Console Error: error - Failed to load resource: the server responded with a status of 404 (Not Found) - Location: https://apps.itaipu.gov.br/CustomInputMasks/Blocks/CustomInputMasks/Private/AuxFunctions.js
2024-11-11 09:01:47,330 - ErrorTracker - ERROR - Network Error: HTTP_404 - https://apps.itaipu.gov.br/CustomInputMasks/Blocks/CustomInputMasks/Private/MaskPlugin.js - Status: 404
2024-11-11 09:01:47,331 - ErrorTracker - ERROR - Console Error: error - Failed to load resource: the server responded with a status of 404 (Not Found) - Location: https://apps.itaipu.gov.br/CustomInputMasks/Blocks/CustomInputMasks/Private/MaskPlugin.js
2024-11-11 09:01:48,357 - ErrorTracker - ERROR - Network Error: HTTP_404 - https://apps.itaipu.gov.br/CustomInputMasks/Blocks/CustomInputMasks/CustomMasks/MaskNumber.js - Status: 404
2024-11-11 09:01:48,358 - ErrorTracker - ERROR - Console Error: error - Failed to load resource: the server responded with a status of 404 (Not Found) - Location: https://apps.itaipu.gov.br/CustomInputMasks/Blocks/CustomInputMasks/CustomMasks/MaskNumber.js
2024-11-11 09:01:48,359 - ErrorTracker - ERROR - Network Error: HTTP_404 - https://apps.itaipu.gov.br/CustomInputMasks/Blocks/CustomInputMasks/Private/AuxFunctions.js - Status: 404
2024-11-11 09:01:48,359 - ErrorTracker - ERROR - Console Error: error - Failed to load resource: the server responded with a status of 404 (Not Found) - Location: https://apps.itaipu.gov.br/CustomInputMasks/Blocks/CustomInputMasks/Private/AuxFunctions.js
2024-11-11 09:01:48,361 - ErrorTracker - ERROR - Network Error: HTTP_404 - https://apps.itaipu.gov.br/CustomInputMasks/Blocks/CustomInputMasks/Private/MaskPlugin.js - Status: 404
2024-11-11 09:01:48,362 - ErrorTracker - ERROR - Console Error: error - Failed to load resource: the server responded with a status of 404 (Not Found) - Location: https://apps.itaipu.gov.br/CustomInputMasks/Blocks/CustomInputMasks/Private/MaskPlugin.js
2024-11-11 09:01:50,880 - ErrorTracker - ERROR - Requisição falhou: https://apps.itaipu.gov.br/PerformanceProbe/rest/BeaconInternal/WebScreenClientExecutedEvent
Erro: <Request url='https://apps.itaipu.gov.br/PerformanceProbe/rest/BeaconInternal/WebScreenClientExecutedEvent' method='POST'>
2024-11-11 09:01:51,264 - ErrorTracker - ERROR - Network Error: HTTP_404 - https://apps.itaipu.gov.br/CustomInputMasks/Blocks/CustomInputMasks/CustomMasks/MaskNumber.js - Status: 404
2024-11-11 09:01:51,266 - ErrorTracker - ERROR - Console Error: error - Failed to load resource: the server responded with a status of 404 (Not Found) - Location: https://apps.itaipu.gov.br/CustomInputMasks/Blocks/CustomInputMasks/CustomMasks/MaskNumber.js
2024-11-11 09:01:51,267 - ErrorTracker - ERROR - Network Error: HTTP_404 - https://apps.itaipu.gov.br/CustomInputMasks/Blocks/CustomInputMasks/Private/AuxFunctions.js - Status: 404
2024-11-11 09:01:51,268 - ErrorTracker - ERROR - Console Error: error - Failed to load resource: the server responded with a status of 404 (Not Found) - Location: https://apps.itaipu.gov.br/CustomInputMasks/Blocks/CustomInputMasks/Private/AuxFunctions.js
2024-11-11 09:01:51,275 - ErrorTracker - ERROR - Network Error: HTTP_404 - https://apps.itaipu.gov.br/CustomInputMasks/Blocks/CustomInputMasks/Private/MaskPlugin.js - Status: 404
2024-11-11 09:01:51,276 - ErrorTracker - ERROR - Console Error: error - Failed to load resource: the server responded with a status of 404 (Not Found) - Location: https://apps.itaipu.gov.br/CustomInputMasks/Blocks/CustomInputMasks/Private/MaskPlugin.js
2024-11-11 09:01:56,070 - ErrorTracker - ERROR - Network Error: HTTP_404 - https://apps.itaipu.gov.br/CustomInputMasks/Blocks/CustomInputMasks/CustomMasks/MaskNumber.js - Status: 404
2024-11-11 09:01:56,071 - ErrorTracker - ERROR - Console Error: error - Failed to load resource: the server responded with a status of 404 (Not Found) - Location: https://apps.itaipu.gov.br/CustomInputMasks/Blocks/CustomInputMasks/CustomMasks/MaskNumber.js
2024-11-11 09:01:56,073 - ErrorTracker - ERROR - Network Error: HTTP_404 - https://apps.itaipu.gov.br/CustomInputMasks/Blocks/CustomInputMasks/Private/AuxFunctions.js - Status: 404
2024-11-11 09:01:56,073 - ErrorTracker - ERROR - Console Error: error - Failed to load resource: the server responded with a status of 404 (Not Found) - Location: https://apps.itaipu.gov.br/CustomInputMasks/Blocks/CustomInputMasks/Private/AuxFunctions.js
2024-11-11 09:01:56,074 - ErrorTracker - ERROR - Network Error: HTTP_404 - https://apps.itaipu.gov.br/CustomInputMasks/Blocks/CustomInputMasks/Private/MaskPlugin.js - Status: 404
2024-11-11 09:01:56,075 - ErrorTracker - ERROR - Console Error: error - Failed to load resource: the server responded with a status of 404 (Not Found) - Location: https://apps.itaipu.gov.br/CustomInputMasks/Blocks/CustomInputMasks/Private/MaskPlugin.js
2024-11-11 09:04:15,580 - ErrorTracker - ERROR - Requisição falhou: https://apps.itaipu.gov.br/SAM_SMA_Reports/PendingGeneralSSAs.aspx
Erro: <Request url='https://apps.itaipu.gov.br/SAM_SMA_Reports/PendingGeneralSSAs.aspx' method='POST'>
2024-11-11 09:04:16,024 - ErrorTracker - INFO - === RESUMO COMPLETO ===
2024-11-11 09:04:16,024 - ErrorTracker - INFO - Total de erros: 31
2024-11-11 09:04:16,024 - ErrorTracker - INFO - DOWNLOAD_ERROR: 1
2024-11-11 09:04:16,025 - ErrorTracker - INFO - Recursos não essenciais não encontrados (404): 27
2024-11-11 09:04:16,025 - ErrorTracker - INFO - OTHER: 3
2024-11-11 09:35:45,156 - ErrorTracker - ERROR - Network Error: HTTP_404 - https://apps.itaipu.gov.br/SAM/undefined - Status: 404
2024-11-11 09:35:45,157 - ErrorTracker - ERROR - Console Error: error - Failed to load resource: the server responded with a status of 404 (Not Found) - Location: https://apps.itaipu.gov.br/SAM/undefined
2024-11-11 09:35:45,160 - ErrorTracker - ERROR - Network Error: HTTP_404 - https://apps.itaipu.gov.br/SAM/undefined - Status: 404
2024-11-11 09:35:45,161 - ErrorTracker - ERROR - Console Error: error - Failed to load resource: the server responded with a status of 404 (Not Found) - Location: https://apps.itaipu.gov.br/SAM/undefined
