2024-10-28 12:19:38,146 - ErrorTracker - INFO - Iniciando nova execução
2024-10-28 12:19:38,544 - ErrorTracker - ERROR - Network Error: HTTP_404 - https://apps.itaipu.gov.br/SAM/undefined - Status: 404
2024-10-28 12:19:38,545 - ErrorTracker - ERROR - Console Error: error - Failed to load resource: the server responded with a status of 404 (Not Found) - Location: https://apps.itaipu.gov.br/SAM/undefined
2024-10-28 12:19:38,604 - ErrorTracker - ERROR - Console Error: error - Failed to load resource: the server responded with a status of 404 (Not Found) - Location: https://apps.itaipu.gov.br/favicon.ico
2024-10-28 12:19:38,837 - ErrorTracker - ERROR - Network Error: HTTP_404 - https://apps.itaipu.gov.br/SAM/undefined - Status: 404
2024-10-28 12:19:38,838 - ErrorTracker - ERROR - Console Error: error - Failed to load resource: the server responded with a status of 404 (Not Found) - Location: https://apps.itaipu.gov.br/SAM/undefined
2024-10-28 12:19:39,871 - ErrorTracker - ERROR - Network Error: HTTP_404 - https://apps.itaipu.gov.br/CustomInputMasks/Blocks/CustomInputMasks/CustomMasks/MaskNumber.js - Status: 404
2024-10-28 12:19:39,872 - ErrorTracker - ERROR - Console Error: error - Failed to load resource: the server responded with a status of 404 (Not Found) - Location: https://apps.itaipu.gov.br/CustomInputMasks/Blocks/CustomInputMasks/CustomMasks/MaskNumber.js
2024-10-28 12:19:39,873 - ErrorTracker - ERROR - Network Error: HTTP_404 - https://apps.itaipu.gov.br/CustomInputMasks/Blocks/CustomInputMasks/Private/AuxFunctions.js - Status: 404
2024-10-28 12:19:39,874 - ErrorTracker - ERROR - Console Error: error - Failed to load resource: the server responded with a status of 404 (Not Found) - Location: https://apps.itaipu.gov.br/CustomInputMasks/Blocks/CustomInputMasks/Private/AuxFunctions.js
2024-10-28 12:19:39,875 - ErrorTracker - ERROR - Network Error: HTTP_404 - https://apps.itaipu.gov.br/CustomInputMasks/Blocks/CustomInputMasks/Private/MaskPlugin.js - Status: 404
2024-10-28 12:19:39,875 - ErrorTracker - ERROR - Console Error: error - Failed to load resource: the server responded with a status of 404 (Not Found) - Location: https://apps.itaipu.gov.br/CustomInputMasks/Blocks/CustomInputMasks/Private/MaskPlugin.js
2024-10-28 12:19:40,599 - ErrorTracker - ERROR - Network Error: HTTP_404 - https://apps.itaipu.gov.br/CustomInputMasks/Blocks/CustomInputMasks/CustomMasks/MaskNumber.js - Status: 404
2024-10-28 12:19:40,600 - ErrorTracker - ERROR - Console Error: error - Failed to load resource: the server responded with a status of 404 (Not Found) - Location: https://apps.itaipu.gov.br/CustomInputMasks/Blocks/CustomInputMasks/CustomMasks/MaskNumber.js
2024-10-28 12:19:40,601 - ErrorTracker - ERROR - Network Error: HTTP_404 - https://apps.itaipu.gov.br/CustomInputMasks/Blocks/CustomInputMasks/Private/AuxFunctions.js - Status: 404
2024-10-28 12:19:40,602 - ErrorTracker - ERROR - Console Error: error - Failed to load resource: the server responded with a status of 404 (Not Found) - Location: https://apps.itaipu.gov.br/CustomInputMasks/Blocks/CustomInputMasks/Private/AuxFunctions.js
2024-10-28 12:19:40,603 - ErrorTracker - ERROR - Network Error: HTTP_404 - https://apps.itaipu.gov.br/CustomInputMasks/Blocks/CustomInputMasks/Private/MaskPlugin.js - Status: 404
2024-10-28 12:19:40,604 - ErrorTracker - ERROR - Console Error: error - Failed to load resource: the server responded with a status of 404 (Not Found) - Location: https://apps.itaipu.gov.br/CustomInputMasks/Blocks/CustomInputMasks/Private/MaskPlugin.js
2024-10-28 12:19:41,109 - ErrorTracker - ERROR - Requisição falhou: https://apps.itaipu.gov.br/SAM_SMA/SSAHome.aspx?_ts=1730128780779
Erro: <Request url='https://apps.itaipu.gov.br/SAM_SMA/SSAHome.aspx?_ts=1730128780779' method='POST'>
2024-10-28 12:19:41,410 - ErrorTracker - ERROR - Network Error: HTTP_404 - https://apps.itaipu.gov.br/CustomInputMasks/Blocks/CustomInputMasks/CustomMasks/MaskNumber.js - Status: 404
2024-10-28 12:19:41,411 - ErrorTracker - ERROR - Console Error: error - Failed to load resource: the server responded with a status of 404 (Not Found) - Location: https://apps.itaipu.gov.br/CustomInputMasks/Blocks/CustomInputMasks/CustomMasks/MaskNumber.js
2024-10-28 12:19:41,412 - ErrorTracker - ERROR - Network Error: HTTP_404 - https://apps.itaipu.gov.br/CustomInputMasks/Blocks/CustomInputMasks/Private/AuxFunctions.js - Status: 404
2024-10-28 12:19:41,412 - ErrorTracker - ERROR - Console Error: error - Failed to load resource: the server responded with a status of 404 (Not Found) - Location: https://apps.itaipu.gov.br/CustomInputMasks/Blocks/CustomInputMasks/Private/AuxFunctions.js
2024-10-28 12:19:41,414 - ErrorTracker - ERROR - Network Error: HTTP_404 - https://apps.itaipu.gov.br/CustomInputMasks/Blocks/CustomInputMasks/Private/MaskPlugin.js - Status: 404
2024-10-28 12:19:41,414 - ErrorTracker - ERROR - Console Error: error - Failed to load resource: the server responded with a status of 404 (Not Found) - Location: https://apps.itaipu.gov.br/CustomInputMasks/Blocks/CustomInputMasks/Private/MaskPlugin.js
