2024-10-28 10:05:50,500 - ErrorTracker - INFO - Iniciando nova execução
2024-10-28 10:05:51,013 - ErrorTracker - ERROR - Network Error: HTTP_404 - https://apps.itaipu.gov.br/SAM/undefined - Status: 404
2024-10-28 10:05:51,014 - ErrorTracker - ERROR - Console Error: error - Failed to load resource: the server responded with a status of 404 (Not Found) - Location: https://apps.itaipu.gov.br/SAM/undefined
2024-10-28 10:05:51,059 - ErrorTracker - ERROR - Console Error: error - Failed to load resource: the server responded with a status of 404 (Not Found) - Location: https://apps.itaipu.gov.br/favicon.ico
2024-10-28 10:05:51,305 - ErrorTracker - ERROR - Network Error: HTTP_404 - https://apps.itaipu.gov.br/SAM/undefined - Status: 404
2024-10-28 10:05:51,306 - ErrorTracker - ERROR - Console Error: error - Failed to load resource: the server responded with a status of 404 (Not Found) - Location: https://apps.itaipu.gov.br/SAM/undefined
2024-10-28 10:05:52,243 - ErrorTracker - ERROR - Network Error: HTTP_404 - https://apps.itaipu.gov.br/CustomInputMasks/Blocks/CustomInputMasks/CustomMasks/MaskNumber.js - Status: 404
2024-10-28 10:05:52,244 - ErrorTracker - ERROR - Console Error: error - Failed to load resource: the server responded with a status of 404 (Not Found) - Location: https://apps.itaipu.gov.br/CustomInputMasks/Blocks/CustomInputMasks/CustomMasks/MaskNumber.js
2024-10-28 10:05:52,245 - ErrorTracker - ERROR - Network Error: HTTP_404 - https://apps.itaipu.gov.br/CustomInputMasks/Blocks/CustomInputMasks/Private/AuxFunctions.js - Status: 404
2024-10-28 10:05:52,247 - ErrorTracker - ERROR - Console Error: error - Failed to load resource: the server responded with a status of 404 (Not Found) - Location: https://apps.itaipu.gov.br/CustomInputMasks/Blocks/CustomInputMasks/Private/AuxFunctions.js
2024-10-28 10:05:52,248 - ErrorTracker - ERROR - Network Error: HTTP_404 - https://apps.itaipu.gov.br/CustomInputMasks/Blocks/CustomInputMasks/Private/MaskPlugin.js - Status: 404
2024-10-28 10:05:52,249 - ErrorTracker - ERROR - Console Error: error - Failed to load resource: the server responded with a status of 404 (Not Found) - Location: https://apps.itaipu.gov.br/CustomInputMasks/Blocks/CustomInputMasks/Private/MaskPlugin.js
2024-10-28 10:05:53,065 - ErrorTracker - ERROR - Network Error: HTTP_404 - https://apps.itaipu.gov.br/CustomInputMasks/Blocks/CustomInputMasks/CustomMasks/MaskNumber.js - Status: 404
2024-10-28 10:05:53,066 - ErrorTracker - ERROR - Console Error: error - Failed to load resource: the server responded with a status of 404 (Not Found) - Location: https://apps.itaipu.gov.br/CustomInputMasks/Blocks/CustomInputMasks/CustomMasks/MaskNumber.js
2024-10-28 10:05:53,067 - ErrorTracker - ERROR - Network Error: HTTP_404 - https://apps.itaipu.gov.br/CustomInputMasks/Blocks/CustomInputMasks/Private/AuxFunctions.js - Status: 404
2024-10-28 10:05:53,067 - ErrorTracker - ERROR - Console Error: error - Failed to load resource: the server responded with a status of 404 (Not Found) - Location: https://apps.itaipu.gov.br/CustomInputMasks/Blocks/CustomInputMasks/Private/AuxFunctions.js
2024-10-28 10:05:53,069 - ErrorTracker - ERROR - Network Error: HTTP_404 - https://apps.itaipu.gov.br/CustomInputMasks/Blocks/CustomInputMasks/Private/MaskPlugin.js - Status: 404
2024-10-28 10:05:53,069 - ErrorTracker - ERROR - Console Error: error - Failed to load resource: the server responded with a status of 404 (Not Found) - Location: https://apps.itaipu.gov.br/CustomInputMasks/Blocks/CustomInputMasks/Private/MaskPlugin.js
2024-10-28 10:05:53,566 - ErrorTracker - ERROR - Requisição falhou: https://apps.itaipu.gov.br/SAM_SMA/SSAHome.aspx?_ts=1730120753251
Erro: <Request url='https://apps.itaipu.gov.br/SAM_SMA/SSAHome.aspx?_ts=1730120753251' method='POST'>
2024-10-28 10:05:53,889 - ErrorTracker - ERROR - Network Error: HTTP_404 - https://apps.itaipu.gov.br/CustomInputMasks/Blocks/CustomInputMasks/CustomMasks/MaskNumber.js - Status: 404
2024-10-28 10:05:53,890 - ErrorTracker - ERROR - Console Error: error - Failed to load resource: the server responded with a status of 404 (Not Found) - Location: https://apps.itaipu.gov.br/CustomInputMasks/Blocks/CustomInputMasks/CustomMasks/MaskNumber.js
2024-10-28 10:05:53,891 - ErrorTracker - ERROR - Network Error: HTTP_404 - https://apps.itaipu.gov.br/CustomInputMasks/Blocks/CustomInputMasks/Private/AuxFunctions.js - Status: 404
2024-10-28 10:05:53,892 - ErrorTracker - ERROR - Console Error: error - Failed to load resource: the server responded with a status of 404 (Not Found) - Location: https://apps.itaipu.gov.br/CustomInputMasks/Blocks/CustomInputMasks/Private/AuxFunctions.js
2024-10-28 10:05:53,893 - ErrorTracker - ERROR - Network Error: HTTP_404 - https://apps.itaipu.gov.br/CustomInputMasks/Blocks/CustomInputMasks/Private/MaskPlugin.js - Status: 404
2024-10-28 10:05:53,894 - ErrorTracker - ERROR - Console Error: error - Failed to load resource: the server responded with a status of 404 (Not Found) - Location: https://apps.itaipu.gov.br/CustomInputMasks/Blocks/CustomInputMasks/Private/MaskPlugin.js
2024-10-28 10:05:59,000 - ErrorTracker - ERROR - Network Error: HTTP_404 - https://apps.itaipu.gov.br/CustomInputMasks/Blocks/CustomInputMasks/CustomMasks/MaskNumber.js - Status: 404
2024-10-28 10:05:59,002 - ErrorTracker - ERROR - Console Error: error - Failed to load resource: the server responded with a status of 404 (Not Found) - Location: https://apps.itaipu.gov.br/CustomInputMasks/Blocks/CustomInputMasks/CustomMasks/MaskNumber.js
2024-10-28 10:05:59,003 - ErrorTracker - ERROR - Network Error: HTTP_404 - https://apps.itaipu.gov.br/CustomInputMasks/Blocks/CustomInputMasks/Private/AuxFunctions.js - Status: 404
2024-10-28 10:05:59,004 - ErrorTracker - ERROR - Console Error: error - Failed to load resource: the server responded with a status of 404 (Not Found) - Location: https://apps.itaipu.gov.br/CustomInputMasks/Blocks/CustomInputMasks/Private/AuxFunctions.js
2024-10-28 10:05:59,005 - ErrorTracker - ERROR - Network Error: HTTP_404 - https://apps.itaipu.gov.br/CustomInputMasks/Blocks/CustomInputMasks/Private/MaskPlugin.js - Status: 404
2024-10-28 10:05:59,005 - ErrorTracker - ERROR - Console Error: error - Failed to load resource: the server responded with a status of 404 (Not Found) - Location: https://apps.itaipu.gov.br/CustomInputMasks/Blocks/CustomInputMasks/Private/MaskPlugin.js
2024-10-28 10:08:18,260 - ErrorTracker - ERROR - Requisição falhou: https://apps.itaipu.gov.br/SAM_SMA_Reports/PendingGeneralSSAs.aspx
Erro: <Request url='https://apps.itaipu.gov.br/SAM_SMA_Reports/PendingGeneralSSAs.aspx' method='POST'>
2024-10-28 10:08:18,652 - ErrorTracker - INFO - === RESUMO COMPLETO ===
2024-10-28 10:08:18,653 - ErrorTracker - INFO - Total de erros: 31
2024-10-28 10:08:18,653 - ErrorTracker - INFO - Críticos: 1
2024-10-28 10:08:18,653 - ErrorTracker - INFO - Outros: 3
2024-10-28 10:08:18,653 - ErrorTracker - INFO - Ignoráveis: 27
2024-10-28 10:08:18,654 - ErrorTracker - INFO - 
=== CRITICAL ===
2024-10-28 10:08:18,654 - ErrorTracker - INFO - 2024-10-28T10:08:18.260808: NetworkError(timestamp='2024-10-28T10:08:18.260808', url='https://apps.itaipu.gov.br/SAM_SMA_Reports/PendingGeneralSSAs.aspx', status=0, method='POST', error_type='REQUEST_FAILED', details="<Request url='https://apps.itaipu.gov.br/SAM_SMA_Reports/PendingGeneralSSAs.aspx' method='POST'>", severity=<ErrorSeverity.ERROR: 'ERROR'>)
2024-10-28 10:08:18,654 - ErrorTracker - INFO - 
=== OTHER ===
2024-10-28 10:08:18,655 - ErrorTracker - INFO - 2024-10-28T10:05:51.013140: NetworkError(timestamp='2024-10-28T10:05:51.013140', url='https://apps.itaipu.gov.br/SAM/undefined', status=404, method='GET', error_type='HTTP_404', details='Not Found', severity=<ErrorSeverity.WARNING: 'WARNING'>)
2024-10-28 10:08:18,656 - ErrorTracker - INFO - 2024-10-28T10:05:51.305294: NetworkError(timestamp='2024-10-28T10:05:51.305294', url='https://apps.itaipu.gov.br/SAM/undefined', status=404, method='GET', error_type='HTTP_404', details='Not Found', severity=<ErrorSeverity.WARNING: 'WARNING'>)
2024-10-28 10:08:18,656 - ErrorTracker - INFO - 2024-10-28T10:05:53.566636: NetworkError(timestamp='2024-10-28T10:05:53.566636', url='https://apps.itaipu.gov.br/SAM_SMA/SSAHome.aspx?_ts=1730120753251', status=0, method='POST', error_type='REQUEST_FAILED', details="<Request url='https://apps.itaipu.gov.br/SAM_SMA/SSAHome.aspx?_ts=1730120753251' method='POST'>", severity=<ErrorSeverity.ERROR: 'ERROR'>)
2024-10-28 10:08:18,657 - ErrorTracker - INFO - 
=== IGNORABLE ===
2024-10-28 10:08:18,657 - ErrorTracker - INFO - 2024-10-28T10:05:52.243103: NetworkError(timestamp='2024-10-28T10:05:52.243103', url='https://apps.itaipu.gov.br/CustomInputMasks/Blocks/CustomInputMasks/CustomMasks/MaskNumber.js', status=404, method='GET', error_type='HTTP_404', details='Not Found', severity=<ErrorSeverity.WARNING: 'WARNING'>)
2024-10-28 10:08:18,657 - ErrorTracker - INFO - 2024-10-28T10:05:52.245252: NetworkError(timestamp='2024-10-28T10:05:52.245252', url='https://apps.itaipu.gov.br/CustomInputMasks/Blocks/CustomInputMasks/Private/AuxFunctions.js', status=404, method='GET', error_type='HTTP_404', details='Not Found', severity=<ErrorSeverity.WARNING: 'WARNING'>)
2024-10-28 10:08:18,658 - ErrorTracker - INFO - 2024-10-28T10:05:52.248392: NetworkError(timestamp='2024-10-28T10:05:52.248392', url='https://apps.itaipu.gov.br/CustomInputMasks/Blocks/CustomInputMasks/Private/MaskPlugin.js', status=404, method='GET', error_type='HTTP_404', details='Not Found', severity=<ErrorSeverity.WARNING: 'WARNING'>)
2024-10-28 10:08:18,658 - ErrorTracker - INFO - 2024-10-28T10:05:53.064955: NetworkError(timestamp='2024-10-28T10:05:53.064955', url='https://apps.itaipu.gov.br/CustomInputMasks/Blocks/CustomInputMasks/CustomMasks/MaskNumber.js', status=404, method='GET', error_type='HTTP_404', details='Not Found', severity=<ErrorSeverity.WARNING: 'WARNING'>)
2024-10-28 10:08:18,659 - ErrorTracker - INFO - 2024-10-28T10:05:53.067175: NetworkError(timestamp='2024-10-28T10:05:53.067175', url='https://apps.itaipu.gov.br/CustomInputMasks/Blocks/CustomInputMasks/Private/AuxFunctions.js', status=404, method='GET', error_type='HTTP_404', details='Not Found', severity=<ErrorSeverity.WARNING: 'WARNING'>)
2024-10-28 10:08:18,659 - ErrorTracker - INFO - 2024-10-28T10:05:53.069090: NetworkError(timestamp='2024-10-28T10:05:53.069090', url='https://apps.itaipu.gov.br/CustomInputMasks/Blocks/CustomInputMasks/Private/MaskPlugin.js', status=404, method='GET', error_type='HTTP_404', details='Not Found', severity=<ErrorSeverity.WARNING: 'WARNING'>)
2024-10-28 10:08:18,660 - ErrorTracker - INFO - 2024-10-28T10:05:53.889164: NetworkError(timestamp='2024-10-28T10:05:53.889164', url='https://apps.itaipu.gov.br/CustomInputMasks/Blocks/CustomInputMasks/CustomMasks/MaskNumber.js', status=404, method='GET', error_type='HTTP_404', details='Not Found', severity=<ErrorSeverity.WARNING: 'WARNING'>)
2024-10-28 10:08:18,660 - ErrorTracker - INFO - 2024-10-28T10:05:53.891938: NetworkError(timestamp='2024-10-28T10:05:53.891938', url='https://apps.itaipu.gov.br/CustomInputMasks/Blocks/CustomInputMasks/Private/AuxFunctions.js', status=404, method='GET', error_type='HTTP_404', details='Not Found', severity=<ErrorSeverity.WARNING: 'WARNING'>)
2024-10-28 10:08:18,660 - ErrorTracker - INFO - 2024-10-28T10:05:53.893788: NetworkError(timestamp='2024-10-28T10:05:53.893788', url='https://apps.itaipu.gov.br/CustomInputMasks/Blocks/CustomInputMasks/Private/MaskPlugin.js', status=404, method='GET', error_type='HTTP_404', details='Not Found', severity=<ErrorSeverity.WARNING: 'WARNING'>)
2024-10-28 10:08:18,661 - ErrorTracker - INFO - 2024-10-28T10:05:59.000166: NetworkError(timestamp='2024-10-28T10:05:59.000166', url='https://apps.itaipu.gov.br/CustomInputMasks/Blocks/CustomInputMasks/CustomMasks/MaskNumber.js', status=404, method='GET', error_type='HTTP_404', details='Not Found', severity=<ErrorSeverity.WARNING: 'WARNING'>)
2024-10-28 10:08:18,661 - ErrorTracker - INFO - 2024-10-28T10:05:59.003631: NetworkError(timestamp='2024-10-28T10:05:59.003631', url='https://apps.itaipu.gov.br/CustomInputMasks/Blocks/CustomInputMasks/Private/AuxFunctions.js', status=404, method='GET', error_type='HTTP_404', details='Not Found', severity=<ErrorSeverity.WARNING: 'WARNING'>)
2024-10-28 10:08:18,662 - ErrorTracker - INFO - 2024-10-28T10:05:59.005394: NetworkError(timestamp='2024-10-28T10:05:59.005394', url='https://apps.itaipu.gov.br/CustomInputMasks/Blocks/CustomInputMasks/Private/MaskPlugin.js', status=404, method='GET', error_type='HTTP_404', details='Not Found', severity=<ErrorSeverity.WARNING: 'WARNING'>)
2024-10-28 10:08:18,662 - ErrorTracker - INFO - 2024-10-28T10:05:51.014336: ConsoleError(timestamp='2024-10-28T10:05:51.014336', type='error', text='Failed to load resource: the server responded with a status of 404 (Not Found)', location='https://apps.itaipu.gov.br/SAM/undefined', stack_trace=None, severity=<ErrorSeverity.ERROR: 'ERROR'>)
2024-10-28 10:08:18,663 - ErrorTracker - INFO - 2024-10-28T10:05:51.059339: ConsoleError(timestamp='2024-10-28T10:05:51.059339', type='error', text='Failed to load resource: the server responded with a status of 404 (Not Found)', location='https://apps.itaipu.gov.br/favicon.ico', stack_trace=None, severity=<ErrorSeverity.ERROR: 'ERROR'>)
2024-10-28 10:08:18,663 - ErrorTracker - INFO - 2024-10-28T10:05:51.306320: ConsoleError(timestamp='2024-10-28T10:05:51.306320', type='error', text='Failed to load resource: the server responded with a status of 404 (Not Found)', location='https://apps.itaipu.gov.br/SAM/undefined', stack_trace=None, severity=<ErrorSeverity.ERROR: 'ERROR'>)
2024-10-28 10:08:18,663 - ErrorTracker - INFO - 2024-10-28T10:05:52.244117: ConsoleError(timestamp='2024-10-28T10:05:52.244117', type='error', text='Failed to load resource: the server responded with a status of 404 (Not Found)', location='https://apps.itaipu.gov.br/CustomInputMasks/Blocks/CustomInputMasks/CustomMasks/MaskNumber.js', stack_trace=None, severity=<ErrorSeverity.ERROR: 'ERROR'>)
2024-10-28 10:08:18,664 - ErrorTracker - INFO - 2024-10-28T10:05:52.246955: ConsoleError(timestamp='2024-10-28T10:05:52.246955', type='error', text='Failed to load resource: the server responded with a status of 404 (Not Found)', location='https://apps.itaipu.gov.br/CustomInputMasks/Blocks/CustomInputMasks/Private/AuxFunctions.js', stack_trace=None, severity=<ErrorSeverity.ERROR: 'ERROR'>)
2024-10-28 10:08:18,664 - ErrorTracker - INFO - 2024-10-28T10:05:52.249546: ConsoleError(timestamp='2024-10-28T10:05:52.249546', type='error', text='Failed to load resource: the server responded with a status of 404 (Not Found)', location='https://apps.itaipu.gov.br/CustomInputMasks/Blocks/CustomInputMasks/Private/MaskPlugin.js', stack_trace=None, severity=<ErrorSeverity.ERROR: 'ERROR'>)
2024-10-28 10:08:18,665 - ErrorTracker - INFO - 2024-10-28T10:05:53.066131: ConsoleError(timestamp='2024-10-28T10:05:53.066131', type='error', text='Failed to load resource: the server responded with a status of 404 (Not Found)', location='https://apps.itaipu.gov.br/CustomInputMasks/Blocks/CustomInputMasks/CustomMasks/MaskNumber.js', stack_trace=None, severity=<ErrorSeverity.ERROR: 'ERROR'>)
2024-10-28 10:08:18,665 - ErrorTracker - INFO - 2024-10-28T10:05:53.067947: ConsoleError(timestamp='2024-10-28T10:05:53.067947', type='error', text='Failed to load resource: the server responded with a status of 404 (Not Found)', location='https://apps.itaipu.gov.br/CustomInputMasks/Blocks/CustomInputMasks/Private/AuxFunctions.js', stack_trace=None, severity=<ErrorSeverity.ERROR: 'ERROR'>)
2024-10-28 10:08:18,666 - ErrorTracker - INFO - 2024-10-28T10:05:53.069796: ConsoleError(timestamp='2024-10-28T10:05:53.069796', type='error', text='Failed to load resource: the server responded with a status of 404 (Not Found)', location='https://apps.itaipu.gov.br/CustomInputMasks/Blocks/CustomInputMasks/Private/MaskPlugin.js', stack_trace=None, severity=<ErrorSeverity.ERROR: 'ERROR'>)
2024-10-28 10:08:18,666 - ErrorTracker - INFO - 2024-10-28T10:05:53.890242: ConsoleError(timestamp='2024-10-28T10:05:53.890242', type='error', text='Failed to load resource: the server responded with a status of 404 (Not Found)', location='https://apps.itaipu.gov.br/CustomInputMasks/Blocks/CustomInputMasks/CustomMasks/MaskNumber.js', stack_trace=None, severity=<ErrorSeverity.ERROR: 'ERROR'>)
2024-10-28 10:08:18,666 - ErrorTracker - INFO - 2024-10-28T10:05:53.892795: ConsoleError(timestamp='2024-10-28T10:05:53.892795', type='error', text='Failed to load resource: the server responded with a status of 404 (Not Found)', location='https://apps.itaipu.gov.br/CustomInputMasks/Blocks/CustomInputMasks/Private/AuxFunctions.js', stack_trace=None, severity=<ErrorSeverity.ERROR: 'ERROR'>)
2024-10-28 10:08:18,667 - ErrorTracker - INFO - 2024-10-28T10:05:53.894861: ConsoleError(timestamp='2024-10-28T10:05:53.894861', type='error', text='Failed to load resource: the server responded with a status of 404 (Not Found)', location='https://apps.itaipu.gov.br/CustomInputMasks/Blocks/CustomInputMasks/Private/MaskPlugin.js', stack_trace=None, severity=<ErrorSeverity.ERROR: 'ERROR'>)
2024-10-28 10:08:18,667 - ErrorTracker - INFO - 2024-10-28T10:05:59.002242: ConsoleError(timestamp='2024-10-28T10:05:59.002242', type='error', text='Failed to load resource: the server responded with a status of 404 (Not Found)', location='https://apps.itaipu.gov.br/CustomInputMasks/Blocks/CustomInputMasks/CustomMasks/MaskNumber.js', stack_trace=None, severity=<ErrorSeverity.ERROR: 'ERROR'>)
2024-10-28 10:08:18,668 - ErrorTracker - INFO - 2024-10-28T10:05:59.004475: ConsoleError(timestamp='2024-10-28T10:05:59.004475', type='error', text='Failed to load resource: the server responded with a status of 404 (Not Found)', location='https://apps.itaipu.gov.br/CustomInputMasks/Blocks/CustomInputMasks/Private/AuxFunctions.js', stack_trace=None, severity=<ErrorSeverity.ERROR: 'ERROR'>)
2024-10-28 10:08:18,669 - ErrorTracker - INFO - 2024-10-28T10:05:59.005930: ConsoleError(timestamp='2024-10-28T10:05:59.005930', type='error', text='Failed to load resource: the server responded with a status of 404 (Not Found)', location='https://apps.itaipu.gov.br/CustomInputMasks/Blocks/CustomInputMasks/Private/MaskPlugin.js', stack_trace=None, severity=<ErrorSeverity.ERROR: 'ERROR'>)
