2024-12-19 11:34:08,497 - ErrorTracker - INFO - Iniciando nova execução
2024-12-19 11:34:08,871 - ErrorTracker - ERROR - Network Error: HTTP_404 - https://apps.itaipu.gov.br/SAM/undefined - Status: 404
2024-12-19 11:34:08,872 - ErrorTracker - ERROR - Console Error: error - Failed to load resource: the server responded with a status of 404 (Not Found) - Location: https://apps.itaipu.gov.br/SAM/undefined
2024-12-19 11:34:08,910 - ErrorTracker - ERROR - Console Error: error - Failed to load resource: the server responded with a status of 404 (Not Found) - Location: https://apps.itaipu.gov.br/favicon.ico
2024-12-19 11:34:09,150 - ErrorTracker - ERROR - Network Error: HTTP_404 - https://apps.itaipu.gov.br/SAM/undefined - Status: 404
2024-12-19 11:34:09,151 - ErrorTracker - ERROR - Console Error: error - Failed to load resource: the server responded with a status of 404 (Not Found) - Location: https://apps.itaipu.gov.br/SAM/undefined
2024-12-19 11:34:09,829 - ErrorTracker - ERROR - Network Error: HTTP_404 - https://apps.itaipu.gov.br/CustomInputMasks/Blocks/CustomInputMasks/CustomMasks/MaskNumber.js - Status: 404
2024-12-19 11:34:09,830 - ErrorTracker - ERROR - Console Error: error - Failed to load resource: the server responded with a status of 404 (Not Found) - Location: https://apps.itaipu.gov.br/CustomInputMasks/Blocks/CustomInputMasks/CustomMasks/MaskNumber.js
2024-12-19 11:34:09,831 - ErrorTracker - ERROR - Network Error: HTTP_404 - https://apps.itaipu.gov.br/CustomInputMasks/Blocks/CustomInputMasks/Private/AuxFunctions.js - Status: 404
2024-12-19 11:34:09,832 - ErrorTracker - ERROR - Console Error: error - Failed to load resource: the server responded with a status of 404 (Not Found) - Location: https://apps.itaipu.gov.br/CustomInputMasks/Blocks/CustomInputMasks/Private/AuxFunctions.js
2024-12-19 11:34:09,833 - ErrorTracker - ERROR - Network Error: HTTP_404 - https://apps.itaipu.gov.br/CustomInputMasks/Blocks/CustomInputMasks/Private/MaskPlugin.js - Status: 404
2024-12-19 11:34:09,834 - ErrorTracker - ERROR - Console Error: error - Failed to load resource: the server responded with a status of 404 (Not Found) - Location: https://apps.itaipu.gov.br/CustomInputMasks/Blocks/CustomInputMasks/Private/MaskPlugin.js
2024-12-19 11:34:10,617 - ErrorTracker - ERROR - Network Error: HTTP_404 - https://apps.itaipu.gov.br/CustomInputMasks/Blocks/CustomInputMasks/CustomMasks/MaskNumber.js - Status: 404
2024-12-19 11:34:10,618 - ErrorTracker - ERROR - Console Error: error - Failed to load resource: the server responded with a status of 404 (Not Found) - Location: https://apps.itaipu.gov.br/CustomInputMasks/Blocks/CustomInputMasks/CustomMasks/MaskNumber.js
2024-12-19 11:34:10,618 - ErrorTracker - ERROR - Network Error: HTTP_404 - https://apps.itaipu.gov.br/CustomInputMasks/Blocks/CustomInputMasks/Private/AuxFunctions.js - Status: 404
2024-12-19 11:34:10,619 - ErrorTracker - ERROR - Console Error: error - Failed to load resource: the server responded with a status of 404 (Not Found) - Location: https://apps.itaipu.gov.br/CustomInputMasks/Blocks/CustomInputMasks/Private/AuxFunctions.js
2024-12-19 11:34:10,621 - ErrorTracker - ERROR - Network Error: HTTP_404 - https://apps.itaipu.gov.br/CustomInputMasks/Blocks/CustomInputMasks/Private/MaskPlugin.js - Status: 404
2024-12-19 11:34:10,621 - ErrorTracker - ERROR - Console Error: error - Failed to load resource: the server responded with a status of 404 (Not Found) - Location: https://apps.itaipu.gov.br/CustomInputMasks/Blocks/CustomInputMasks/Private/MaskPlugin.js
2024-12-19 11:34:11,240 - ErrorTracker - ERROR - Requisição falhou: https://apps.itaipu.gov.br/SAM_SMA/SSAHome.aspx?_ts=1734618850811
Erro: <Request url='https://apps.itaipu.gov.br/SAM_SMA/SSAHome.aspx?_ts=1734618850811' method='POST'>
2024-12-19 11:34:11,572 - ErrorTracker - ERROR - Network Error: HTTP_404 - https://apps.itaipu.gov.br/CustomInputMasks/Blocks/CustomInputMasks/CustomMasks/MaskNumber.js - Status: 404
2024-12-19 11:34:11,573 - ErrorTracker - ERROR - Console Error: error - Failed to load resource: the server responded with a status of 404 (Not Found) - Location: https://apps.itaipu.gov.br/CustomInputMasks/Blocks/CustomInputMasks/CustomMasks/MaskNumber.js
2024-12-19 11:34:11,573 - ErrorTracker - ERROR - Network Error: HTTP_404 - https://apps.itaipu.gov.br/CustomInputMasks/Blocks/CustomInputMasks/Private/AuxFunctions.js - Status: 404
2024-12-19 11:34:11,574 - ErrorTracker - ERROR - Console Error: error - Failed to load resource: the server responded with a status of 404 (Not Found) - Location: https://apps.itaipu.gov.br/CustomInputMasks/Blocks/CustomInputMasks/Private/AuxFunctions.js
2024-12-19 11:34:11,575 - ErrorTracker - ERROR - Network Error: HTTP_404 - https://apps.itaipu.gov.br/CustomInputMasks/Blocks/CustomInputMasks/Private/MaskPlugin.js - Status: 404
2024-12-19 11:34:11,576 - ErrorTracker - ERROR - Console Error: error - Failed to load resource: the server responded with a status of 404 (Not Found) - Location: https://apps.itaipu.gov.br/CustomInputMasks/Blocks/CustomInputMasks/Private/MaskPlugin.js
2024-12-19 11:34:17,895 - ErrorTracker - ERROR - Network Error: HTTP_404 - https://apps.itaipu.gov.br/CustomInputMasks/Blocks/CustomInputMasks/CustomMasks/MaskNumber.js - Status: 404
2024-12-19 11:34:17,896 - ErrorTracker - ERROR - Console Error: error - Failed to load resource: the server responded with a status of 404 (Not Found) - Location: https://apps.itaipu.gov.br/CustomInputMasks/Blocks/CustomInputMasks/CustomMasks/MaskNumber.js
2024-12-19 11:34:17,897 - ErrorTracker - ERROR - Network Error: HTTP_404 - https://apps.itaipu.gov.br/CustomInputMasks/Blocks/CustomInputMasks/Private/AuxFunctions.js - Status: 404
2024-12-19 11:34:17,897 - ErrorTracker - ERROR - Console Error: error - Failed to load resource: the server responded with a status of 404 (Not Found) - Location: https://apps.itaipu.gov.br/CustomInputMasks/Blocks/CustomInputMasks/Private/AuxFunctions.js
2024-12-19 11:34:17,898 - ErrorTracker - ERROR - Network Error: HTTP_404 - https://apps.itaipu.gov.br/CustomInputMasks/Blocks/CustomInputMasks/Private/MaskPlugin.js - Status: 404
2024-12-19 11:34:17,898 - ErrorTracker - ERROR - Console Error: error - Failed to load resource: the server responded with a status of 404 (Not Found) - Location: https://apps.itaipu.gov.br/CustomInputMasks/Blocks/CustomInputMasks/Private/MaskPlugin.js
2024-12-19 11:36:27,191 - ErrorTracker - ERROR - Requisição falhou: https://apps.itaipu.gov.br/SAM_SMA_Reports/PendingGeneralSSAs.aspx
Erro: <Request url='https://apps.itaipu.gov.br/SAM_SMA_Reports/PendingGeneralSSAs.aspx' method='POST'>
2024-12-19 11:36:27,485 - ErrorTracker - INFO - === RESUMO COMPLETO ===
2024-12-19 11:36:27,486 - ErrorTracker - INFO - Total de erros: 31
2024-12-19 11:36:27,486 - ErrorTracker - INFO - DOWNLOAD_ERROR: 1
2024-12-19 11:36:27,486 - ErrorTracker - INFO - Recursos não essenciais não encontrados (404): 27
2024-12-19 11:36:27,486 - ErrorTracker - INFO - OTHER: 3
2024-12-19 14:22:54,400 - ErrorTracker - ERROR - Network Error: HTTP_404 - https://apps.itaipu.gov.br/SAM/undefined - Status: 404
2024-12-19 14:22:54,401 - ErrorTracker - ERROR - Console Error: error - Failed to load resource: the server responded with a status of 404 (Not Found) - Location: https://apps.itaipu.gov.br/SAM/undefined
2024-12-19 14:22:54,403 - ErrorTracker - ERROR - Network Error: HTTP_404 - https://apps.itaipu.gov.br/SAM/undefined - Status: 404
2024-12-19 14:22:54,404 - ErrorTracker - ERROR - Console Error: error - Failed to load resource: the server responded with a status of 404 (Not Found) - Location: https://apps.itaipu.gov.br/SAM/undefined
