2024-11-19 16:27:07,973 - ErrorTracker - INFO - Iniciando nova execução
2024-11-19 16:27:08,293 - ErrorTracker - ERROR - Network Error: HTTP_404 - https://apps.itaipu.gov.br/SAM/undefined - Status: 404
2024-11-19 16:27:08,293 - ErrorTracker - ERROR - Console Error: error - Failed to load resource: the server responded with a status of 404 (Not Found) - Location: https://apps.itaipu.gov.br/SAM/undefined
2024-11-19 16:27:08,331 - ErrorTracker - ERROR - Console Error: error - Failed to load resource: the server responded with a status of 404 (Not Found) - Location: https://apps.itaipu.gov.br/favicon.ico
2024-11-19 16:27:08,829 - ErrorTracker - ERROR - Network Error: HTTP_404 - https://apps.itaipu.gov.br/SAM/undefined - Status: 404
2024-11-19 16:27:08,829 - ErrorTracker - ERROR - Console Error: error - Failed to load resource: the server responded with a status of 404 (Not Found) - Location: https://apps.itaipu.gov.br/SAM/undefined
2024-11-19 16:27:09,637 - ErrorTracker - ERROR - Network Error: HTTP_404 - https://apps.itaipu.gov.br/CustomInputMasks/Blocks/CustomInputMasks/CustomMasks/MaskNumber.js - Status: 404
2024-11-19 16:27:09,638 - ErrorTracker - ERROR - Console Error: error - Failed to load resource: the server responded with a status of 404 (Not Found) - Location: https://apps.itaipu.gov.br/CustomInputMasks/Blocks/CustomInputMasks/CustomMasks/MaskNumber.js
2024-11-19 16:27:09,639 - ErrorTracker - ERROR - Network Error: HTTP_404 - https://apps.itaipu.gov.br/CustomInputMasks/Blocks/CustomInputMasks/Private/AuxFunctions.js - Status: 404
2024-11-19 16:27:09,639 - ErrorTracker - ERROR - Console Error: error - Failed to load resource: the server responded with a status of 404 (Not Found) - Location: https://apps.itaipu.gov.br/CustomInputMasks/Blocks/CustomInputMasks/Private/AuxFunctions.js
2024-11-19 16:27:09,640 - ErrorTracker - ERROR - Network Error: HTTP_404 - https://apps.itaipu.gov.br/CustomInputMasks/Blocks/CustomInputMasks/Private/MaskPlugin.js - Status: 404
2024-11-19 16:27:09,641 - ErrorTracker - ERROR - Console Error: error - Failed to load resource: the server responded with a status of 404 (Not Found) - Location: https://apps.itaipu.gov.br/CustomInputMasks/Blocks/CustomInputMasks/Private/MaskPlugin.js
2024-11-19 16:27:10,455 - ErrorTracker - ERROR - Network Error: HTTP_404 - https://apps.itaipu.gov.br/CustomInputMasks/Blocks/CustomInputMasks/CustomMasks/MaskNumber.js - Status: 404
2024-11-19 16:27:10,456 - ErrorTracker - ERROR - Console Error: error - Failed to load resource: the server responded with a status of 404 (Not Found) - Location: https://apps.itaipu.gov.br/CustomInputMasks/Blocks/CustomInputMasks/CustomMasks/MaskNumber.js
2024-11-19 16:27:10,457 - ErrorTracker - ERROR - Network Error: HTTP_404 - https://apps.itaipu.gov.br/CustomInputMasks/Blocks/CustomInputMasks/Private/AuxFunctions.js - Status: 404
2024-11-19 16:27:10,458 - ErrorTracker - ERROR - Console Error: error - Failed to load resource: the server responded with a status of 404 (Not Found) - Location: https://apps.itaipu.gov.br/CustomInputMasks/Blocks/CustomInputMasks/Private/AuxFunctions.js
2024-11-19 16:27:10,459 - ErrorTracker - ERROR - Network Error: HTTP_404 - https://apps.itaipu.gov.br/CustomInputMasks/Blocks/CustomInputMasks/Private/MaskPlugin.js - Status: 404
2024-11-19 16:27:10,459 - ErrorTracker - ERROR - Console Error: error - Failed to load resource: the server responded with a status of 404 (Not Found) - Location: https://apps.itaipu.gov.br/CustomInputMasks/Blocks/CustomInputMasks/Private/MaskPlugin.js
2024-11-19 16:27:11,188 - ErrorTracker - ERROR - Requisição falhou: https://apps.itaipu.gov.br/SAM_SMA/SSAHome.aspx?_ts=1732044430739
Erro: <Request url='https://apps.itaipu.gov.br/SAM_SMA/SSAHome.aspx?_ts=1732044430739' method='POST'>
2024-11-19 16:27:11,458 - ErrorTracker - ERROR - Network Error: HTTP_404 - https://apps.itaipu.gov.br/CustomInputMasks/Blocks/CustomInputMasks/CustomMasks/MaskNumber.js - Status: 404
2024-11-19 16:27:11,460 - ErrorTracker - ERROR - Console Error: error - Failed to load resource: the server responded with a status of 404 (Not Found) - Location: https://apps.itaipu.gov.br/CustomInputMasks/Blocks/CustomInputMasks/CustomMasks/MaskNumber.js
2024-11-19 16:27:11,461 - ErrorTracker - ERROR - Network Error: HTTP_404 - https://apps.itaipu.gov.br/CustomInputMasks/Blocks/CustomInputMasks/Private/AuxFunctions.js - Status: 404
2024-11-19 16:27:11,462 - ErrorTracker - ERROR - Console Error: error - Failed to load resource: the server responded with a status of 404 (Not Found) - Location: https://apps.itaipu.gov.br/CustomInputMasks/Blocks/CustomInputMasks/Private/AuxFunctions.js
2024-11-19 16:27:11,463 - ErrorTracker - ERROR - Network Error: HTTP_404 - https://apps.itaipu.gov.br/CustomInputMasks/Blocks/CustomInputMasks/Private/MaskPlugin.js - Status: 404
2024-11-19 16:27:11,463 - ErrorTracker - ERROR - Console Error: error - Failed to load resource: the server responded with a status of 404 (Not Found) - Location: https://apps.itaipu.gov.br/CustomInputMasks/Blocks/CustomInputMasks/Private/MaskPlugin.js
2024-11-19 16:27:15,699 - ErrorTracker - ERROR - Network Error: HTTP_404 - https://apps.itaipu.gov.br/CustomInputMasks/Blocks/CustomInputMasks/CustomMasks/MaskNumber.js - Status: 404
2024-11-19 16:27:15,700 - ErrorTracker - ERROR - Console Error: error - Failed to load resource: the server responded with a status of 404 (Not Found) - Location: https://apps.itaipu.gov.br/CustomInputMasks/Blocks/CustomInputMasks/CustomMasks/MaskNumber.js
2024-11-19 16:27:15,701 - ErrorTracker - ERROR - Network Error: HTTP_404 - https://apps.itaipu.gov.br/CustomInputMasks/Blocks/CustomInputMasks/Private/AuxFunctions.js - Status: 404
2024-11-19 16:27:15,702 - ErrorTracker - ERROR - Console Error: error - Failed to load resource: the server responded with a status of 404 (Not Found) - Location: https://apps.itaipu.gov.br/CustomInputMasks/Blocks/CustomInputMasks/Private/AuxFunctions.js
2024-11-19 16:27:15,702 - ErrorTracker - ERROR - Network Error: HTTP_404 - https://apps.itaipu.gov.br/CustomInputMasks/Blocks/CustomInputMasks/Private/MaskPlugin.js - Status: 404
2024-11-19 16:27:15,703 - ErrorTracker - ERROR - Console Error: error - Failed to load resource: the server responded with a status of 404 (Not Found) - Location: https://apps.itaipu.gov.br/CustomInputMasks/Blocks/CustomInputMasks/Private/MaskPlugin.js
2024-11-19 16:29:24,919 - ErrorTracker - ERROR - Requisição falhou: https://apps.itaipu.gov.br/SAM_SMA_Reports/PendingGeneralSSAs.aspx
Erro: <Request url='https://apps.itaipu.gov.br/SAM_SMA_Reports/PendingGeneralSSAs.aspx' method='POST'>
2024-11-19 16:29:25,244 - ErrorTracker - INFO - === RESUMO COMPLETO ===
2024-11-19 16:29:25,245 - ErrorTracker - INFO - Total de erros: 31
2024-11-19 16:29:25,245 - ErrorTracker - INFO - DOWNLOAD_ERROR: 1
2024-11-19 16:29:25,245 - ErrorTracker - INFO - Recursos não essenciais não encontrados (404): 27
2024-11-19 16:29:25,246 - ErrorTracker - INFO - OTHER: 3
