2024-12-08 09:49:11,774 - root - INFO - Arquivo mais recente encontrado: SSAs Pendentes Geral - 02-12-2024_1114AM.xlsx (02/12/2024 11:14)
2024-12-08 09:49:11,774 - root - INFO - Iniciando carregamento do arquivo: /Users/menon/Documents/GitHub/SCRAP_SAM/DashboardSM/Class/downloads/SSAs Pendentes Geral - 02-12-2024_1114AM.xlsx
2024-12-08 09:49:11,776 - root - ERROR - Erro ao carregar dados: Missing optional dependency 'openpyxl'.  Use pip or conda to install openpyxl.
2024-12-08 09:49:11,778 - root - ERROR - Traceback (most recent call last):
  File "/Library/Frameworks/Python.framework/Versions/3.12/lib/python3.12/site-packages/pandas/compat/_optional.py", line 132, in import_optional_dependency
    module = importlib.import_module(name)
             ^^^^^^^^^^^^^^^^^^^^^^^^^^^^^
  File "/Library/Frameworks/Python.framework/Versions/3.12/lib/python3.12/importlib/__init__.py", line 90, in import_module
    return _bootstrap._gcd_import(name[level:], package, level)
           ^^^^^^^^^^^^^^^^^^^^^^^^^^^^^^^^^^^^^^^^^^^^^^^^^^^^
  File "<frozen importlib._bootstrap>", line 1381, in _gcd_import
  File "<frozen importlib._bootstrap>", line 1354, in _find_and_load
  File "<frozen importlib._bootstrap>", line 1318, in _find_and_load_unlocked
ModuleNotFoundError: No module named 'openpyxl'

During handling of the above exception, another exception occurred:

Traceback (most recent call last):
  File "/Users/menon/Documents/GitHub/SCRAP_SAM/DashboardSM/Class/src/data/data_loader.py", line 101, in load_data
    self.df = pd.read_excel(
              ^^^^^^^^^^^^^^
  File "/Library/Frameworks/Python.framework/Versions/3.12/lib/python3.12/site-packages/pandas/io/excel/_base.py", line 504, in read_excel
    io = ExcelFile(
         ^^^^^^^^^^
  File "/Library/Frameworks/Python.framework/Versions/3.12/lib/python3.12/site-packages/pandas/io/excel/_base.py", line 1580, in __init__
    self._reader = self._engines[engine](
                   ^^^^^^^^^^^^^^^^^^^^^^
  File "/Library/Frameworks/Python.framework/Versions/3.12/lib/python3.12/site-packages/pandas/io/excel/_openpyxl.py", line 552, in __init__
    import_optional_dependency("openpyxl")
  File "/Library/Frameworks/Python.framework/Versions/3.12/lib/python3.12/site-packages/pandas/compat/_optional.py", line 135, in import_optional_dependency
    raise ImportError(msg)
ImportError: Missing optional dependency 'openpyxl'.  Use pip or conda to install openpyxl.

2024-12-08 09:49:11,778 - root - ERROR - Erro ao iniciar aplicação: Missing optional dependency 'openpyxl'.  Use pip or conda to install openpyxl.
2024-12-08 09:49:11,779 - root - ERROR - Traceback (most recent call last):
  File "/Library/Frameworks/Python.framework/Versions/3.12/lib/python3.12/site-packages/pandas/compat/_optional.py", line 132, in import_optional_dependency
    module = importlib.import_module(name)
             ^^^^^^^^^^^^^^^^^^^^^^^^^^^^^
  File "/Library/Frameworks/Python.framework/Versions/3.12/lib/python3.12/importlib/__init__.py", line 90, in import_module
    return _bootstrap._gcd_import(name[level:], package, level)
           ^^^^^^^^^^^^^^^^^^^^^^^^^^^^^^^^^^^^^^^^^^^^^^^^^^^^
  File "<frozen importlib._bootstrap>", line 1381, in _gcd_import
  File "<frozen importlib._bootstrap>", line 1354, in _find_and_load
  File "<frozen importlib._bootstrap>", line 1318, in _find_and_load_unlocked
ModuleNotFoundError: No module named 'openpyxl'

During handling of the above exception, another exception occurred:

Traceback (most recent call last):
  File "/Users/menon/Documents/GitHub/SCRAP_SAM/DashboardSM/Class/run.py", line 98, in main
    df = loader.load_data()
         ^^^^^^^^^^^^^^^^^^
  File "/Users/menon/Documents/GitHub/SCRAP_SAM/DashboardSM/Class/src/data/data_loader.py", line 101, in load_data
    self.df = pd.read_excel(
              ^^^^^^^^^^^^^^
  File "/Library/Frameworks/Python.framework/Versions/3.12/lib/python3.12/site-packages/pandas/io/excel/_base.py", line 504, in read_excel
    io = ExcelFile(
         ^^^^^^^^^^
  File "/Library/Frameworks/Python.framework/Versions/3.12/lib/python3.12/site-packages/pandas/io/excel/_base.py", line 1580, in __init__
    self._reader = self._engines[engine](
                   ^^^^^^^^^^^^^^^^^^^^^^
  File "/Library/Frameworks/Python.framework/Versions/3.12/lib/python3.12/site-packages/pandas/io/excel/_openpyxl.py", line 552, in __init__
    import_optional_dependency("openpyxl")
  File "/Library/Frameworks/Python.framework/Versions/3.12/lib/python3.12/site-packages/pandas/compat/_optional.py", line 135, in import_optional_dependency
    raise ImportError(msg)
ImportError: Missing optional dependency 'openpyxl'.  Use pip or conda to install openpyxl.

2024-12-08 09:49:51,802 - root - INFO - Arquivo mais recente encontrado: SSAs Pendentes Geral - 02-12-2024_1114AM.xlsx (02/12/2024 11:14)
2024-12-08 09:49:51,802 - root - INFO - Iniciando carregamento do arquivo: /Users/menon/Documents/GitHub/SCRAP_SAM/DashboardSM/Class/downloads/SSAs Pendentes Geral - 02-12-2024_1114AM.xlsx
2024-12-08 09:49:52,394 - root - INFO - Arquivo carregado. Total de linhas: 190
2024-12-08 09:49:52,479 - root - INFO - === Estatísticas de Conversão ===
2024-12-08 09:49:52,479 - root - INFO - Total de registros convertidos: 190
2024-12-08 09:49:52,480 - root - INFO - Responsáveis execução únicos: 9
2024-12-08 09:49:52,480 - root - INFO - Responsáveis programação únicos: 9
2024-12-08 09:49:52,480 - root - INFO - 
=== Validação de Responsáveis Execução ===
2024-12-08 09:49:52,480 - root - INFO - 
Responsável Execução: 'ACOSTA FERNANDEZ RAMON ARIEL'
2024-12-08 09:49:52,481 - root - INFO - Total SSAs: 4
2024-12-08 09:49:52,481 - root - INFO - Números das SSAs:
2024-12-08 09:49:52,481 - root - INFO -   - SSA 202414242: APV
2024-12-08 09:49:52,481 - root - INFO -   - SSA 202311075: AAT
2024-12-08 09:49:52,481 - root - INFO -   - SSA 202416825: AAD
2024-12-08 09:49:52,481 - root - INFO -   - SSA 202208082: ADM
2024-12-08 09:49:52,481 - root - INFO - 
Responsável Execução: 'CARLOS RONEI ORTIZ'
2024-12-08 09:49:52,481 - root - INFO - Total SSAs: 1
2024-12-08 09:49:52,481 - root - INFO - Números das SSAs:
2024-12-08 09:49:52,481 - root - INFO -   - SSA 202210834: ADM
2024-12-08 09:49:52,481 - root - INFO - 
Responsável Execução: 'CASTILLO CENTURION ELIAS FRANCISCO'
2024-12-08 09:49:52,481 - root - INFO - Total SSAs: 53
2024-12-08 09:49:52,481 - root - INFO - Números das SSAs:
2024-12-08 09:49:52,481 - root - INFO -   - SSA 202403587: AAD
2024-12-08 09:49:52,481 - root - INFO -   - SSA 202403586: AAD
2024-12-08 09:49:52,481 - root - INFO -   - SSA 202315283: AAT
2024-12-08 09:49:52,481 - root - INFO -   - SSA 202412180: AAT
2024-12-08 09:49:52,481 - root - INFO -   - SSA 202407487: AAT
2024-12-08 09:49:52,481 - root - INFO -   - SSA 202407289: AAD
2024-12-08 09:49:52,481 - root - INFO -   - SSA 202320659: AAD
2024-12-08 09:49:52,481 - root - INFO -   - SSA 202320542: AAD
2024-12-08 09:49:52,481 - root - INFO -   - SSA 202320540: AAD
2024-12-08 09:49:52,481 - root - INFO -   - SSA 202320539: AAD
2024-12-08 09:49:52,481 - root - INFO -   - SSA 202320538: AAD
2024-12-08 09:49:52,481 - root - INFO -   - SSA 202320537: AAD
2024-12-08 09:49:52,481 - root - INFO -   - SSA 202320535: AAD
2024-12-08 09:49:52,481 - root - INFO -   - SSA 202320534: AAD
2024-12-08 09:49:52,481 - root - INFO -   - SSA 202320531: AAD
2024-12-08 09:49:52,481 - root - INFO -   - SSA 202320530: AAD
2024-12-08 09:49:52,481 - root - INFO -   - SSA 202320528: AAD
2024-12-08 09:49:52,481 - root - INFO -   - SSA 202320526: AAD
2024-12-08 09:49:52,481 - root - INFO -   - SSA 202320524: AAD
2024-12-08 09:49:52,481 - root - INFO -   - SSA 202320523: AAD
2024-12-08 09:49:52,481 - root - INFO -   - SSA 202320521: AAD
2024-12-08 09:49:52,481 - root - INFO -   - SSA 202320517: AAD
2024-12-08 09:49:52,481 - root - INFO -   - SSA 202320516: AAD
2024-12-08 09:49:52,481 - root - INFO -   - SSA 202320514: AAD
2024-12-08 09:49:52,481 - root - INFO -   - SSA 202318314: AAD
2024-12-08 09:49:52,481 - root - INFO -   - SSA 202317673: AAD
2024-12-08 09:49:52,482 - root - INFO -   - SSA 202317672: AAD
2024-12-08 09:49:52,482 - root - INFO -   - SSA 202317668: AAD
2024-12-08 09:49:52,482 - root - INFO -   - SSA 202317666: AAD
2024-12-08 09:49:52,482 - root - INFO -   - SSA 202317664: AAD
2024-12-08 09:49:52,482 - root - INFO -   - SSA 202317660: AAD
2024-12-08 09:49:52,482 - root - INFO -   - SSA 202317659: AAD
2024-12-08 09:49:52,482 - root - INFO -   - SSA 202317650: AAD
2024-12-08 09:49:52,482 - root - INFO -   - SSA 202317649: AAD
2024-12-08 09:49:52,482 - root - INFO -   - SSA 202317648: AAD
2024-12-08 09:49:52,482 - root - INFO -   - SSA 202317647: AAD
2024-12-08 09:49:52,482 - root - INFO -   - SSA 202317646: AAD
2024-12-08 09:49:52,482 - root - INFO -   - SSA 202317645: AAD
2024-12-08 09:49:52,482 - root - INFO -   - SSA 202317644: AAD
2024-12-08 09:49:52,482 - root - INFO -   - SSA 202317640: AAD
2024-12-08 09:49:52,482 - root - INFO -   - SSA 202317638: AAD
2024-12-08 09:49:52,482 - root - INFO -   - SSA 202317635: AAD
2024-12-08 09:49:52,482 - root - INFO -   - SSA 202315965: AAT
2024-12-08 09:49:52,482 - root - INFO -   - SSA 202314218: AAT
2024-12-08 09:49:52,482 - root - INFO -   - SSA 202314188: AAT
2024-12-08 09:49:52,482 - root - INFO -   - SSA 202311500: AAT
2024-12-08 09:49:52,482 - root - INFO -   - SSA 202311498: AAT
2024-12-08 09:49:52,482 - root - INFO -   - SSA 202216567: AAT
2024-12-08 09:49:52,482 - root - INFO -   - SSA 202209306: AAT
2024-12-08 09:49:52,482 - root - INFO -   - SSA 202209304: AAT
2024-12-08 09:49:52,482 - root - INFO -   - SSA 202209302: AAT
2024-12-08 09:49:52,482 - root - INFO -   - SSA 202209300: AAT
2024-12-08 09:49:52,482 - root - INFO -   - SSA 202208500: AAT
2024-12-08 09:49:52,482 - root - INFO - 
Responsável Execução: 'LOBO MARTINEZ JUAN ALBERTO'
2024-12-08 09:49:52,482 - root - INFO - Total SSAs: 15
2024-12-08 09:49:52,482 - root - INFO - Números das SSAs:
2024-12-08 09:49:52,482 - root - INFO -   - SSA 202315984: AAD
2024-12-08 09:49:52,482 - root - INFO -   - SSA 202309302: AAT
2024-12-08 09:49:52,482 - root - INFO -   - SSA 202223791: AAT
2024-12-08 09:49:52,482 - root - INFO -   - SSA 202315520: AAD
2024-12-08 09:49:52,482 - root - INFO -   - SSA 202312375: AAD
2024-12-08 09:49:52,482 - root - INFO -   - SSA 202308982: AAT
2024-12-08 09:49:52,482 - root - INFO -   - SSA 202305650: AAT
2024-12-08 09:49:52,482 - root - INFO -   - SSA 202304925: ADM
2024-12-08 09:49:52,482 - root - INFO -   - SSA 202225124: AAT
2024-12-08 09:49:52,482 - root - INFO -   - SSA 202316054: AAD
2024-12-08 09:49:52,482 - root - INFO -   - SSA 202316049: AAD
2024-12-08 09:49:52,482 - root - INFO -   - SSA 202316041: AAD
2024-12-08 09:49:52,482 - root - INFO -   - SSA 202316015: AAD
2024-12-08 09:49:52,482 - root - INFO -   - SSA 202316013: AAD
2024-12-08 09:49:52,482 - root - INFO -   - SSA 202316010: AAD
2024-12-08 09:49:52,482 - root - INFO - 
Responsável Execução: 'LUCAS COSTA CICARELLI'
2024-12-08 09:49:52,483 - root - INFO - Total SSAs: 12
2024-12-08 09:49:52,483 - root - INFO - Números das SSAs:
2024-12-08 09:49:52,483 - root - INFO -   - SSA 202304752: ADM
2024-12-08 09:49:52,483 - root - INFO -   - SSA 202408000: ADM
2024-12-08 09:49:52,483 - root - INFO -   - SSA 202310372: ADM
2024-12-08 09:49:52,483 - root - INFO -   - SSA 202307936: ADM
2024-12-08 09:49:52,483 - root - INFO -   - SSA 202307932: ADM
2024-12-08 09:49:52,483 - root - INFO -   - SSA 202307928: ADM
2024-12-08 09:49:52,483 - root - INFO -   - SSA 202307925: ADM
2024-12-08 09:49:52,483 - root - INFO -   - SSA 202307921: ADM
2024-12-08 09:49:52,483 - root - INFO -   - SSA 202307918: ADM
2024-12-08 09:49:52,483 - root - INFO -   - SSA 202320392: AAT
2024-12-08 09:49:52,483 - root - INFO -   - SSA 202209298: AAT
2024-12-08 09:49:52,483 - root - INFO -   - SSA 202209296: AAT
2024-12-08 09:49:52,483 - root - INFO - 
Responsável Execução: 'MARCOS ALOE YAMAMOTO'
2024-12-08 09:49:52,483 - root - INFO - Total SSAs: 1
2024-12-08 09:49:52,483 - root - INFO - Números das SSAs:
2024-12-08 09:49:52,483 - root - INFO -   - SSA 202219292: ADM
2024-12-08 09:49:52,483 - root - INFO - 
Responsável Execução: 'MAURICIO MENON'
2024-12-08 09:49:52,483 - root - INFO - Total SSAs: 32
2024-12-08 09:49:52,483 - root - INFO - Números das SSAs:
2024-12-08 09:49:52,483 - root - INFO -   - SSA 202417954: ADM
2024-12-08 09:49:52,483 - root - INFO -   - SSA 202410873: ADM
2024-12-08 09:49:52,483 - root - INFO -   - SSA 202404353: AAD
2024-12-08 09:49:52,483 - root - INFO -   - SSA 202404349: AAD
2024-12-08 09:49:52,483 - root - INFO -   - SSA 202401930: ADM
2024-12-08 09:49:52,483 - root - INFO -   - SSA 202303449: AAD
2024-12-08 09:49:52,483 - root - INFO -   - SSA 202303082: AAD
2024-12-08 09:49:52,483 - root - INFO -   - SSA 202300670: ADM
2024-12-08 09:49:52,483 - root - INFO -   - SSA 202418340: ADM
2024-12-08 09:49:52,483 - root - INFO -   - SSA 202417764: ADM
2024-12-08 09:49:52,483 - root - INFO -   - SSA 202417763: ADM
2024-12-08 09:49:52,483 - root - INFO -   - SSA 202417708: ADM
2024-12-08 09:49:52,483 - root - INFO -   - SSA 202417275: AAD
2024-12-08 09:49:52,483 - root - INFO -   - SSA 202414170: ADM
2024-12-08 09:49:52,483 - root - INFO -   - SSA 202412309: AAD
2024-12-08 09:49:52,483 - root - INFO -   - SSA 202412189: AAD
2024-12-08 09:49:52,483 - root - INFO -   - SSA 202410056: ADM
2024-12-08 09:49:52,483 - root - INFO -   - SSA 202410051: ADM
2024-12-08 09:49:52,483 - root - INFO -   - SSA 202409449: ADM
2024-12-08 09:49:52,483 - root - INFO -   - SSA 202408797: AAT
2024-12-08 09:49:52,483 - root - INFO -   - SSA 202401838: AAT
2024-12-08 09:49:52,483 - root - INFO -   - SSA 202315901: AAD
2024-12-08 09:49:52,483 - root - INFO -   - SSA 202312371: AAT
2024-12-08 09:49:52,483 - root - INFO -   - SSA 202308411: AAT
2024-12-08 09:49:52,483 - root - INFO -   - SSA 202307247: ADM
2024-12-08 09:49:52,483 - root - INFO -   - SSA 202204716: AAD
2024-12-08 09:49:52,483 - root - INFO -   - SSA 202418061: ADM
2024-12-08 09:49:52,483 - root - INFO -   - SSA 202318166: ADM
2024-12-08 09:49:52,483 - root - INFO -   - SSA 202316930: AAD
2024-12-08 09:49:52,483 - root - INFO -   - SSA 202316141: AAT
2024-12-08 09:49:52,483 - root - INFO -   - SSA 202304641: AAT
2024-12-08 09:49:52,483 - root - INFO -   - SSA 202304639: AAT
2024-12-08 09:49:52,483 - root - INFO - 
Responsável Execução: 'SILVA VARGAS FRANCISCO JAVIER'
2024-12-08 09:49:52,483 - root - INFO - Total SSAs: 11
2024-12-08 09:49:52,483 - root - INFO - Números das SSAs:
2024-12-08 09:49:52,483 - root - INFO -   - SSA 202316469: AAT
2024-12-08 09:49:52,483 - root - INFO -   - SSA 202418023: ADM
2024-12-08 09:49:52,483 - root - INFO -   - SSA 202414182: AAD
2024-12-08 09:49:52,483 - root - INFO -   - SSA 202413188: ADM
2024-12-08 09:49:52,484 - root - INFO -   - SSA 202408102: ADM
2024-12-08 09:49:52,484 - root - INFO -   - SSA 202408089: AAT
2024-12-08 09:49:52,484 - root - INFO -   - SSA 202406019: AAT
2024-12-08 09:49:52,484 - root - INFO -   - SSA 202418019: AAT
2024-12-08 09:49:52,484 - root - INFO -   - SSA 202417705: ADM
2024-12-08 09:49:52,484 - root - INFO -   - SSA 202416065: ADM
2024-12-08 09:49:52,484 - root - INFO -   - SSA 202410326: AAT
2024-12-08 09:49:52,484 - root - INFO - 
Responsável Execução: 'VILLAR RIVAS ALBERTO'
2024-12-08 09:49:52,484 - root - INFO - Total SSAs: 22
2024-12-08 09:49:52,484 - root - INFO - Números das SSAs:
2024-12-08 09:49:52,484 - root - INFO -   - SSA 202418844: ADM
2024-12-08 09:49:52,484 - root - INFO -   - SSA 202418330: ADM
2024-12-08 09:49:52,484 - root - INFO -   - SSA 202418329: ADM
2024-12-08 09:49:52,484 - root - INFO -   - SSA 202418235: AAD
2024-12-08 09:49:52,484 - root - INFO -   - SSA 202418234: AAD
2024-12-08 09:49:52,484 - root - INFO -   - SSA 202418232: ADM
2024-12-08 09:49:52,484 - root - INFO -   - SSA 202418230: ADM
2024-12-08 09:49:52,484 - root - INFO -   - SSA 202411981: ADM
2024-12-08 09:49:52,484 - root - INFO -   - SSA 202410715: ADM
2024-12-08 09:49:52,484 - root - INFO -   - SSA 202407349: ADM
2024-12-08 09:49:52,484 - root - INFO -   - SSA 202402751: ADM
2024-12-08 09:49:52,484 - root - INFO -   - SSA 202402415: AAT
2024-12-08 09:49:52,484 - root - INFO -   - SSA 202402414: AAT
2024-12-08 09:49:52,484 - root - INFO -   - SSA 202401484: ADM
2024-12-08 09:49:52,484 - root - INFO -   - SSA 202401482: ADM
2024-12-08 09:49:52,484 - root - INFO -   - SSA 202320822: AIM
2024-12-08 09:49:52,484 - root - INFO -   - SSA 202318398: AAT
2024-12-08 09:49:52,484 - root - INFO -   - SSA 202313969: AIM
2024-12-08 09:49:52,484 - root - INFO -   - SSA 202310994: AIM
2024-12-08 09:49:52,484 - root - INFO -   - SSA 202310985: AIM
2024-12-08 09:49:52,484 - root - INFO -   - SSA 202310952: AIM
2024-12-08 09:49:52,484 - root - INFO -   - SSA 202316688: AIM
2024-12-08 09:49:52,484 - root - INFO - 
=== Validação de Responsáveis Programação ===
2024-12-08 09:49:52,484 - root - INFO - 
Responsável Programação: 'ACOSTA FERNANDEZ RAMON ARIEL'
2024-12-08 09:49:52,484 - root - INFO - Total SSAs: 5
2024-12-08 09:49:52,484 - root - INFO - Números das SSAs:
2024-12-08 09:49:52,485 - root - INFO -   - SSA 202414242: APV
2024-12-08 09:49:52,485 - root - INFO -   - SSA 202311075: AAT
2024-12-08 09:49:52,485 - root - INFO -   - SSA 202416825: AAD
2024-12-08 09:49:52,485 - root - INFO -   - SSA 202416554: SPG
2024-12-08 09:49:52,485 - root - INFO -   - SSA 202208082: ADM
2024-12-08 09:49:52,485 - root - INFO - 
Responsável Programação: 'CARLOS RONEI ORTIZ'
2024-12-08 09:49:52,485 - root - INFO - Total SSAs: 2
2024-12-08 09:49:52,485 - root - INFO - Números das SSAs:
2024-12-08 09:49:52,485 - root - INFO -   - SSA 202305650: AAT
2024-12-08 09:49:52,485 - root - INFO -   - SSA 202210834: ADM
2024-12-08 09:49:52,485 - root - INFO - 
Responsável Programação: 'CASTILLO CENTURION ELIAS FRANCISCO'
2024-12-08 09:49:52,485 - root - INFO - Total SSAs: 53
2024-12-08 09:49:52,485 - root - INFO - Números das SSAs:
2024-12-08 09:49:52,485 - root - INFO -   - SSA 202403587: AAD
2024-12-08 09:49:52,485 - root - INFO -   - SSA 202403586: AAD
2024-12-08 09:49:52,485 - root - INFO -   - SSA 202315283: AAT
2024-12-08 09:49:52,485 - root - INFO -   - SSA 202412180: AAT
2024-12-08 09:49:52,486 - root - INFO -   - SSA 202407487: AAT
2024-12-08 09:49:52,486 - root - INFO -   - SSA 202407289: AAD
2024-12-08 09:49:52,486 - root - INFO -   - SSA 202320659: AAD
2024-12-08 09:49:52,486 - root - INFO -   - SSA 202320542: AAD
2024-12-08 09:49:52,486 - root - INFO -   - SSA 202320540: AAD
2024-12-08 09:49:52,486 - root - INFO -   - SSA 202320539: AAD
2024-12-08 09:49:52,486 - root - INFO -   - SSA 202320538: AAD
2024-12-08 09:49:52,486 - root - INFO -   - SSA 202320537: AAD
2024-12-08 09:49:52,486 - root - INFO -   - SSA 202320535: AAD
2024-12-08 09:49:52,486 - root - INFO -   - SSA 202320534: AAD
2024-12-08 09:49:52,486 - root - INFO -   - SSA 202320531: AAD
2024-12-08 09:49:52,486 - root - INFO -   - SSA 202320530: AAD
2024-12-08 09:49:52,486 - root - INFO -   - SSA 202320528: AAD
2024-12-08 09:49:52,486 - root - INFO -   - SSA 202320526: AAD
2024-12-08 09:49:52,486 - root - INFO -   - SSA 202320524: AAD
2024-12-08 09:49:52,486 - root - INFO -   - SSA 202320523: AAD
2024-12-08 09:49:52,486 - root - INFO -   - SSA 202320521: AAD
2024-12-08 09:49:52,486 - root - INFO -   - SSA 202320517: AAD
2024-12-08 09:49:52,486 - root - INFO -   - SSA 202320516: AAD
2024-12-08 09:49:52,486 - root - INFO -   - SSA 202320514: AAD
2024-12-08 09:49:52,486 - root - INFO -   - SSA 202318314: AAD
2024-12-08 09:49:52,486 - root - INFO -   - SSA 202317673: AAD
2024-12-08 09:49:52,486 - root - INFO -   - SSA 202317672: AAD
2024-12-08 09:49:52,486 - root - INFO -   - SSA 202317668: AAD
2024-12-08 09:49:52,486 - root - INFO -   - SSA 202317666: AAD
2024-12-08 09:49:52,486 - root - INFO -   - SSA 202317664: AAD
2024-12-08 09:49:52,486 - root - INFO -   - SSA 202317660: AAD
2024-12-08 09:49:52,486 - root - INFO -   - SSA 202317659: AAD
2024-12-08 09:49:52,486 - root - INFO -   - SSA 202317650: AAD
2024-12-08 09:49:52,486 - root - INFO -   - SSA 202317649: AAD
2024-12-08 09:49:52,486 - root - INFO -   - SSA 202317648: AAD
2024-12-08 09:49:52,486 - root - INFO -   - SSA 202317647: AAD
2024-12-08 09:49:52,486 - root - INFO -   - SSA 202317646: AAD
2024-12-08 09:49:52,486 - root - INFO -   - SSA 202317645: AAD
2024-12-08 09:49:52,487 - root - INFO -   - SSA 202317644: AAD
2024-12-08 09:49:52,487 - root - INFO -   - SSA 202317640: AAD
2024-12-08 09:49:52,487 - root - INFO -   - SSA 202317638: AAD
2024-12-08 09:49:52,487 - root - INFO -   - SSA 202317635: AAD
2024-12-08 09:49:52,487 - root - INFO -   - SSA 202315965: AAT
2024-12-08 09:49:52,487 - root - INFO -   - SSA 202314218: AAT
2024-12-08 09:49:52,487 - root - INFO -   - SSA 202314188: AAT
2024-12-08 09:49:52,487 - root - INFO -   - SSA 202311500: AAT
2024-12-08 09:49:52,487 - root - INFO -   - SSA 202311498: AAT
2024-12-08 09:49:52,487 - root - INFO -   - SSA 202216567: AAT
2024-12-08 09:49:52,487 - root - INFO -   - SSA 202209306: AAT
2024-12-08 09:49:52,487 - root - INFO -   - SSA 202209304: AAT
2024-12-08 09:49:52,487 - root - INFO -   - SSA 202209302: AAT
2024-12-08 09:49:52,487 - root - INFO -   - SSA 202209300: AAT
2024-12-08 09:49:52,487 - root - INFO -   - SSA 202208500: AAT
2024-12-08 09:49:52,488 - root - INFO - 
Responsável Programação: 'LOBO MARTINEZ JUAN ALBERTO'
2024-12-08 09:49:52,488 - root - INFO - Total SSAs: 18
2024-12-08 09:49:52,488 - root - INFO - Números das SSAs:
2024-12-08 09:49:52,488 - root - INFO -   - SSA 202315984: AAD
2024-12-08 09:49:52,488 - root - INFO -   - SSA 202309302: AAT
2024-12-08 09:49:52,488 - root - INFO -   - SSA 202223791: AAT
2024-12-08 09:49:52,488 - root - INFO -   - SSA 202315901: AAD
2024-12-08 09:49:52,488 - root - INFO -   - SSA 202315520: AAD
2024-12-08 09:49:52,488 - root - INFO -   - SSA 202310994: AIM
2024-12-08 09:49:52,488 - root - INFO -   - SSA 202308982: AAT
2024-12-08 09:49:52,488 - root - INFO -   - SSA 202307247: ADM
2024-12-08 09:49:52,488 - root - INFO -   - SSA 202304925: ADM
2024-12-08 09:49:52,488 - root - INFO -   - SSA 202225124: AAT
2024-12-08 09:49:52,488 - root - INFO -   - SSA 202316930: AAD
2024-12-08 09:49:52,488 - root - INFO -   - SSA 202316688: AIM
2024-12-08 09:49:52,488 - root - INFO -   - SSA 202316054: AAD
2024-12-08 09:49:52,488 - root - INFO -   - SSA 202316049: AAD
2024-12-08 09:49:52,488 - root - INFO -   - SSA 202316041: AAD
2024-12-08 09:49:52,488 - root - INFO -   - SSA 202316015: AAD
2024-12-08 09:49:52,488 - root - INFO -   - SSA 202316013: AAD
2024-12-08 09:49:52,488 - root - INFO -   - SSA 202316010: AAD
2024-12-08 09:49:52,488 - root - INFO - 
Responsável Programação: 'LUCAS COSTA CICARELLI'
2024-12-08 09:49:52,488 - root - INFO - Total SSAs: 10
2024-12-08 09:49:52,488 - root - INFO - Números das SSAs:
2024-12-08 09:49:52,488 - root - INFO -   - SSA 202408000: ADM
2024-12-08 09:49:52,488 - root - INFO -   - SSA 202307936: ADM
2024-12-08 09:49:52,489 - root - INFO -   - SSA 202307932: ADM
2024-12-08 09:49:52,489 - root - INFO -   - SSA 202307928: ADM
2024-12-08 09:49:52,489 - root - INFO -   - SSA 202307925: ADM
2024-12-08 09:49:52,489 - root - INFO -   - SSA 202307921: ADM
2024-12-08 09:49:52,489 - root - INFO -   - SSA 202307918: ADM
2024-12-08 09:49:52,489 - root - INFO -   - SSA 202320392: AAT
2024-12-08 09:49:52,489 - root - INFO -   - SSA 202209298: AAT
2024-12-08 09:49:52,489 - root - INFO -   - SSA 202209296: AAT
2024-12-08 09:49:52,489 - root - INFO - 
Responsável Programação: 'MARCOS ALOE YAMAMOTO'
2024-12-08 09:49:52,489 - root - INFO - Total SSAs: 1
2024-12-08 09:49:52,489 - root - INFO - Números das SSAs:
2024-12-08 09:49:52,490 - root - INFO -   - SSA 202219292: ADM
2024-12-08 09:49:52,490 - root - INFO - 
Responsável Programação: 'MAURICIO MENON'
2024-12-08 09:49:52,490 - root - INFO - Total SSAs: 31
2024-12-08 09:49:52,490 - root - INFO - Números das SSAs:
2024-12-08 09:49:52,490 - root - INFO -   - SSA 202417954: ADM
2024-12-08 09:49:52,490 - root - INFO -   - SSA 202417496: SPG
2024-12-08 09:49:52,490 - root - INFO -   - SSA 202410873: ADM
2024-12-08 09:49:52,490 - root - INFO -   - SSA 202404353: AAD
2024-12-08 09:49:52,490 - root - INFO -   - SSA 202404349: AAD
2024-12-08 09:49:52,490 - root - INFO -   - SSA 202401930: ADM
2024-12-08 09:49:52,490 - root - INFO -   - SSA 202303449: AAD
2024-12-08 09:49:52,490 - root - INFO -   - SSA 202303082: AAD
2024-12-08 09:49:52,490 - root - INFO -   - SSA 202300670: ADM
2024-12-08 09:49:52,490 - root - INFO -   - SSA 202418340: ADM
2024-12-08 09:49:52,490 - root - INFO -   - SSA 202417764: ADM
2024-12-08 09:49:52,490 - root - INFO -   - SSA 202417763: ADM
2024-12-08 09:49:52,490 - root - INFO -   - SSA 202417708: ADM
2024-12-08 09:49:52,490 - root - INFO -   - SSA 202417275: AAD
2024-12-08 09:49:52,490 - root - INFO -   - SSA 202414170: ADM
2024-12-08 09:49:52,490 - root - INFO -   - SSA 202412309: AAD
2024-12-08 09:49:52,490 - root - INFO -   - SSA 202412189: AAD
2024-12-08 09:49:52,490 - root - INFO -   - SSA 202410056: ADM
2024-12-08 09:49:52,490 - root - INFO -   - SSA 202410051: ADM
2024-12-08 09:49:52,490 - root - INFO -   - SSA 202409449: ADM
2024-12-08 09:49:52,490 - root - INFO -   - SSA 202408797: AAT
2024-12-08 09:49:52,490 - root - INFO -   - SSA 202401838: AAT
2024-12-08 09:49:52,490 - root - INFO -   - SSA 202312375: AAD
2024-12-08 09:49:52,490 - root - INFO -   - SSA 202312371: AAT
2024-12-08 09:49:52,490 - root - INFO -   - SSA 202308411: AAT
2024-12-08 09:49:52,490 - root - INFO -   - SSA 202204716: AAD
2024-12-08 09:49:52,490 - root - INFO -   - SSA 202418061: ADM
2024-12-08 09:49:52,490 - root - INFO -   - SSA 202318166: ADM
2024-12-08 09:49:52,490 - root - INFO -   - SSA 202316141: AAT
2024-12-08 09:49:52,490 - root - INFO -   - SSA 202304641: AAT
2024-12-08 09:49:52,491 - root - INFO -   - SSA 202304639: AAT
2024-12-08 09:49:52,491 - root - INFO - 
Responsável Programação: 'SILVA VARGAS FRANCISCO JAVIER'
2024-12-08 09:49:52,491 - root - INFO - Total SSAs: 26
2024-12-08 09:49:52,491 - root - INFO - Números das SSAs:
2024-12-08 09:49:52,491 - root - INFO -   - SSA 202407782: SPG
2024-12-08 09:49:52,491 - root - INFO -   - SSA 202405093: SPG
2024-12-08 09:49:52,491 - root - INFO -   - SSA 202404581: SPG
2024-12-08 09:49:52,491 - root - INFO -   - SSA 202317755: SPG
2024-12-08 09:49:52,491 - root - INFO -   - SSA 202316469: AAT
2024-12-08 09:49:52,491 - root - INFO -   - SSA 202304752: ADM
2024-12-08 09:49:52,491 - root - INFO -   - SSA 202418047: SPG
2024-12-08 09:49:52,491 - root - INFO -   - SSA 202418023: ADM
2024-12-08 09:49:52,491 - root - INFO -   - SSA 202414182: AAD
2024-12-08 09:49:52,491 - root - INFO -   - SSA 202413188: ADM
2024-12-08 09:49:52,491 - root - INFO -   - SSA 202413077: SCD
2024-12-08 09:49:52,491 - root - INFO -   - SSA 202412872: SPG
2024-12-08 09:49:52,491 - root - INFO -   - SSA 202412811: SPG
2024-12-08 09:49:52,491 - root - INFO -   - SSA 202412570: SPG
2024-12-08 09:49:52,491 - root - INFO -   - SSA 202409608: SPG
2024-12-08 09:49:52,491 - root - INFO -   - SSA 202408102: ADM
2024-12-08 09:49:52,491 - root - INFO -   - SSA 202408089: AAT
2024-12-08 09:49:52,491 - root - INFO -   - SSA 202406019: AAT
2024-12-08 09:49:52,491 - root - INFO -   - SSA 202404436: SPG
2024-12-08 09:49:52,491 - root - INFO -   - SSA 202310985: AIM
2024-12-08 09:49:52,491 - root - INFO -   - SSA 202310952: AIM
2024-12-08 09:49:52,491 - root - INFO -   - SSA 202310372: ADM
2024-12-08 09:49:52,491 - root - INFO -   - SSA 202418019: AAT
2024-12-08 09:49:52,491 - root - INFO -   - SSA 202417705: ADM
2024-12-08 09:49:52,491 - root - INFO -   - SSA 202416065: ADM
2024-12-08 09:49:52,491 - root - INFO -   - SSA 202410326: AAT
2024-12-08 09:49:52,491 - root - INFO - 
Responsável Programação: 'VILLAR RIVAS ALBERTO'
2024-12-08 09:49:52,491 - root - INFO - Total SSAs: 18
2024-12-08 09:49:52,491 - root - INFO - Números das SSAs:
2024-12-08 09:49:52,491 - root - INFO -   - SSA 202418844: ADM
2024-12-08 09:49:52,491 - root - INFO -   - SSA 202418330: ADM
2024-12-08 09:49:52,492 - root - INFO -   - SSA 202418329: ADM
2024-12-08 09:49:52,492 - root - INFO -   - SSA 202418235: AAD
2024-12-08 09:49:52,492 - root - INFO -   - SSA 202418234: AAD
2024-12-08 09:49:52,492 - root - INFO -   - SSA 202418232: ADM
2024-12-08 09:49:52,492 - root - INFO -   - SSA 202418230: ADM
2024-12-08 09:49:52,492 - root - INFO -   - SSA 202411981: ADM
2024-12-08 09:49:52,492 - root - INFO -   - SSA 202410715: ADM
2024-12-08 09:49:52,492 - root - INFO -   - SSA 202407349: ADM
2024-12-08 09:49:52,492 - root - INFO -   - SSA 202402751: ADM
2024-12-08 09:49:52,492 - root - INFO -   - SSA 202402415: AAT
2024-12-08 09:49:52,492 - root - INFO -   - SSA 202402414: AAT
2024-12-08 09:49:52,492 - root - INFO -   - SSA 202401484: ADM
2024-12-08 09:49:52,492 - root - INFO -   - SSA 202401482: ADM
2024-12-08 09:49:52,492 - root - INFO -   - SSA 202320822: AIM
2024-12-08 09:49:52,492 - root - INFO -   - SSA 202318398: AAT
2024-12-08 09:49:52,492 - root - INFO -   - SSA 202313969: AIM
2024-12-08 09:49:52,492 - root - INFO - 
=== Primeiro Objeto Convertido (Verificação) ===
2024-12-08 09:49:52,492 - root - INFO - Número: 202417954
2024-12-08 09:49:52,492 - root - INFO - Data de emissão: 2024-11-11 10:23:04
2024-12-08 09:49:52,492 - root - INFO - Prioridade: PROGRAMÁVEL
2024-12-08 09:49:52,492 - root - INFO - Setor executor: IEE3
2024-12-08 09:49:52,493 - root - INFO - Responsável execução: MAURICIO MENON
2024-12-08 09:49:52,493 - root - INFO - Responsável programação: MAURICIO MENON
2024-12-08 09:49:52,493 - root - INFO - === Estatísticas do Carregamento ===
2024-12-08 09:49:52,493 - root - INFO - Total de registros: 190
2024-12-08 09:49:52,493 - root - INFO - SSAs válidas: 190
2024-12-08 09:49:52,493 - root - INFO - total_ssas: 190
2024-12-08 09:49:52,493 - root - INFO - ssas_com_responsavel: 151
2024-12-08 09:49:52,493 - root - INFO - ssas_sem_responsavel: 39
2024-12-08 09:49:52,493 - root - INFO - setores_executores: 1
2024-12-08 09:49:52,507 - DashboardLogger - INFO - Iniciando servidor do dashboard
2024-12-08 09:49:52,508 - dash.dash - INFO - Dash is running on http://0.0.0.0:8080/

2024-12-08 09:49:56,188 - root - INFO - Arquivo mais recente encontrado: SSAs Pendentes Geral - 02-12-2024_1114AM.xlsx (02/12/2024 11:14)
2024-12-08 09:49:56,188 - root - INFO - Iniciando carregamento do arquivo: /Users/menon/Documents/GitHub/SCRAP_SAM/DashboardSM/Class/downloads/SSAs Pendentes Geral - 02-12-2024_1114AM.xlsx
2024-12-08 09:49:56,389 - root - INFO - Arquivo carregado. Total de linhas: 190
2024-12-08 09:49:56,466 - root - INFO - === Estatísticas de Conversão ===
2024-12-08 09:49:56,466 - root - INFO - Total de registros convertidos: 190
2024-12-08 09:49:56,466 - root - INFO - Responsáveis execução únicos: 9
2024-12-08 09:49:56,466 - root - INFO - Responsáveis programação únicos: 9
2024-12-08 09:49:56,466 - root - INFO - 
=== Validação de Responsáveis Execução ===
2024-12-08 09:49:56,466 - root - INFO - 
Responsável Execução: 'ACOSTA FERNANDEZ RAMON ARIEL'
2024-12-08 09:49:56,466 - root - INFO - Total SSAs: 4
2024-12-08 09:49:56,466 - root - INFO - Números das SSAs:
2024-12-08 09:49:56,466 - root - INFO -   - SSA 202414242: APV
2024-12-08 09:49:56,466 - root - INFO -   - SSA 202311075: AAT
2024-12-08 09:49:56,466 - root - INFO -   - SSA 202416825: AAD
2024-12-08 09:49:56,466 - root - INFO -   - SSA 202208082: ADM
2024-12-08 09:49:56,466 - root - INFO - 
Responsável Execução: 'CARLOS RONEI ORTIZ'
2024-12-08 09:49:56,466 - root - INFO - Total SSAs: 1
2024-12-08 09:49:56,466 - root - INFO - Números das SSAs:
2024-12-08 09:49:56,466 - root - INFO -   - SSA 202210834: ADM
2024-12-08 09:49:56,466 - root - INFO - 
Responsável Execução: 'CASTILLO CENTURION ELIAS FRANCISCO'
2024-12-08 09:49:56,466 - root - INFO - Total SSAs: 53
2024-12-08 09:49:56,466 - root - INFO - Números das SSAs:
2024-12-08 09:49:56,466 - root - INFO -   - SSA 202403587: AAD
2024-12-08 09:49:56,466 - root - INFO -   - SSA 202403586: AAD
2024-12-08 09:49:56,466 - root - INFO -   - SSA 202315283: AAT
2024-12-08 09:49:56,466 - root - INFO -   - SSA 202412180: AAT
2024-12-08 09:49:56,466 - root - INFO -   - SSA 202407487: AAT
2024-12-08 09:49:56,466 - root - INFO -   - SSA 202407289: AAD
2024-12-08 09:49:56,466 - root - INFO -   - SSA 202320659: AAD
2024-12-08 09:49:56,466 - root - INFO -   - SSA 202320542: AAD
2024-12-08 09:49:56,466 - root - INFO -   - SSA 202320540: AAD
2024-12-08 09:49:56,466 - root - INFO -   - SSA 202320539: AAD
2024-12-08 09:49:56,466 - root - INFO -   - SSA 202320538: AAD
2024-12-08 09:49:56,466 - root - INFO -   - SSA 202320537: AAD
2024-12-08 09:49:56,466 - root - INFO -   - SSA 202320535: AAD
2024-12-08 09:49:56,466 - root - INFO -   - SSA 202320534: AAD
2024-12-08 09:49:56,467 - root - INFO -   - SSA 202320531: AAD
2024-12-08 09:49:56,467 - root - INFO -   - SSA 202320530: AAD
2024-12-08 09:49:56,467 - root - INFO -   - SSA 202320528: AAD
2024-12-08 09:49:56,467 - root - INFO -   - SSA 202320526: AAD
2024-12-08 09:49:56,467 - root - INFO -   - SSA 202320524: AAD
2024-12-08 09:49:56,467 - root - INFO -   - SSA 202320523: AAD
2024-12-08 09:49:56,467 - root - INFO -   - SSA 202320521: AAD
2024-12-08 09:49:56,467 - root - INFO -   - SSA 202320517: AAD
2024-12-08 09:49:56,467 - root - INFO -   - SSA 202320516: AAD
2024-12-08 09:49:56,467 - root - INFO -   - SSA 202320514: AAD
2024-12-08 09:49:56,467 - root - INFO -   - SSA 202318314: AAD
2024-12-08 09:49:56,467 - root - INFO -   - SSA 202317673: AAD
2024-12-08 09:49:56,467 - root - INFO -   - SSA 202317672: AAD
2024-12-08 09:49:56,467 - root - INFO -   - SSA 202317668: AAD
2024-12-08 09:49:56,467 - root - INFO -   - SSA 202317666: AAD
2024-12-08 09:49:56,467 - root - INFO -   - SSA 202317664: AAD
2024-12-08 09:49:56,467 - root - INFO -   - SSA 202317660: AAD
2024-12-08 09:49:56,467 - root - INFO -   - SSA 202317659: AAD
2024-12-08 09:49:56,467 - root - INFO -   - SSA 202317650: AAD
2024-12-08 09:49:56,467 - root - INFO -   - SSA 202317649: AAD
2024-12-08 09:49:56,467 - root - INFO -   - SSA 202317648: AAD
2024-12-08 09:49:56,467 - root - INFO -   - SSA 202317647: AAD
2024-12-08 09:49:56,467 - root - INFO -   - SSA 202317646: AAD
2024-12-08 09:49:56,467 - root - INFO -   - SSA 202317645: AAD
2024-12-08 09:49:56,467 - root - INFO -   - SSA 202317644: AAD
2024-12-08 09:49:56,467 - root - INFO -   - SSA 202317640: AAD
2024-12-08 09:49:56,467 - root - INFO -   - SSA 202317638: AAD
2024-12-08 09:49:56,467 - root - INFO -   - SSA 202317635: AAD
2024-12-08 09:49:56,467 - root - INFO -   - SSA 202315965: AAT
2024-12-08 09:49:56,467 - root - INFO -   - SSA 202314218: AAT
2024-12-08 09:49:56,467 - root - INFO -   - SSA 202314188: AAT
2024-12-08 09:49:56,467 - root - INFO -   - SSA 202311500: AAT
2024-12-08 09:49:56,467 - root - INFO -   - SSA 202311498: AAT
2024-12-08 09:49:56,467 - root - INFO -   - SSA 202216567: AAT
2024-12-08 09:49:56,467 - root - INFO -   - SSA 202209306: AAT
2024-12-08 09:49:56,467 - root - INFO -   - SSA 202209304: AAT
2024-12-08 09:49:56,467 - root - INFO -   - SSA 202209302: AAT
2024-12-08 09:49:56,467 - root - INFO -   - SSA 202209300: AAT
2024-12-08 09:49:56,467 - root - INFO -   - SSA 202208500: AAT
2024-12-08 09:49:56,467 - root - INFO - 
Responsável Execução: 'LOBO MARTINEZ JUAN ALBERTO'
2024-12-08 09:49:56,467 - root - INFO - Total SSAs: 15
2024-12-08 09:49:56,467 - root - INFO - Números das SSAs:
2024-12-08 09:49:56,467 - root - INFO -   - SSA 202315984: AAD
2024-12-08 09:49:56,467 - root - INFO -   - SSA 202309302: AAT
2024-12-08 09:49:56,467 - root - INFO -   - SSA 202223791: AAT
2024-12-08 09:49:56,467 - root - INFO -   - SSA 202315520: AAD
2024-12-08 09:49:56,467 - root - INFO -   - SSA 202312375: AAD
2024-12-08 09:49:56,467 - root - INFO -   - SSA 202308982: AAT
2024-12-08 09:49:56,467 - root - INFO -   - SSA 202305650: AAT
2024-12-08 09:49:56,467 - root - INFO -   - SSA 202304925: ADM
2024-12-08 09:49:56,467 - root - INFO -   - SSA 202225124: AAT
2024-12-08 09:49:56,467 - root - INFO -   - SSA 202316054: AAD
2024-12-08 09:49:56,467 - root - INFO -   - SSA 202316049: AAD
2024-12-08 09:49:56,467 - root - INFO -   - SSA 202316041: AAD
2024-12-08 09:49:56,467 - root - INFO -   - SSA 202316015: AAD
2024-12-08 09:49:56,467 - root - INFO -   - SSA 202316013: AAD
2024-12-08 09:49:56,467 - root - INFO -   - SSA 202316010: AAD
2024-12-08 09:49:56,467 - root - INFO - 
Responsável Execução: 'LUCAS COSTA CICARELLI'
2024-12-08 09:49:56,467 - root - INFO - Total SSAs: 12
2024-12-08 09:49:56,467 - root - INFO - Números das SSAs:
2024-12-08 09:49:56,467 - root - INFO -   - SSA 202304752: ADM
2024-12-08 09:49:56,468 - root - INFO -   - SSA 202408000: ADM
2024-12-08 09:49:56,468 - root - INFO -   - SSA 202310372: ADM
2024-12-08 09:49:56,468 - root - INFO -   - SSA 202307936: ADM
2024-12-08 09:49:56,468 - root - INFO -   - SSA 202307932: ADM
2024-12-08 09:49:56,468 - root - INFO -   - SSA 202307928: ADM
2024-12-08 09:49:56,468 - root - INFO -   - SSA 202307925: ADM
2024-12-08 09:49:56,468 - root - INFO -   - SSA 202307921: ADM
2024-12-08 09:49:56,468 - root - INFO -   - SSA 202307918: ADM
2024-12-08 09:49:56,468 - root - INFO -   - SSA 202320392: AAT
2024-12-08 09:49:56,468 - root - INFO -   - SSA 202209298: AAT
2024-12-08 09:49:56,468 - root - INFO -   - SSA 202209296: AAT
2024-12-08 09:49:56,468 - root - INFO - 
Responsável Execução: 'MARCOS ALOE YAMAMOTO'
2024-12-08 09:49:56,468 - root - INFO - Total SSAs: 1
2024-12-08 09:49:56,468 - root - INFO - Números das SSAs:
2024-12-08 09:49:56,468 - root - INFO -   - SSA 202219292: ADM
2024-12-08 09:49:56,468 - root - INFO - 
Responsável Execução: 'MAURICIO MENON'
2024-12-08 09:49:56,468 - root - INFO - Total SSAs: 32
2024-12-08 09:49:56,468 - root - INFO - Números das SSAs:
2024-12-08 09:49:56,468 - root - INFO -   - SSA 202417954: ADM
2024-12-08 09:49:56,468 - root - INFO -   - SSA 202410873: ADM
2024-12-08 09:49:56,468 - root - INFO -   - SSA 202404353: AAD
2024-12-08 09:49:56,468 - root - INFO -   - SSA 202404349: AAD
2024-12-08 09:49:56,468 - root - INFO -   - SSA 202401930: ADM
2024-12-08 09:49:56,468 - root - INFO -   - SSA 202303449: AAD
2024-12-08 09:49:56,468 - root - INFO -   - SSA 202303082: AAD
2024-12-08 09:49:56,468 - root - INFO -   - SSA 202300670: ADM
2024-12-08 09:49:56,468 - root - INFO -   - SSA 202418340: ADM
2024-12-08 09:49:56,468 - root - INFO -   - SSA 202417764: ADM
2024-12-08 09:49:56,468 - root - INFO -   - SSA 202417763: ADM
2024-12-08 09:49:56,468 - root - INFO -   - SSA 202417708: ADM
2024-12-08 09:49:56,468 - root - INFO -   - SSA 202417275: AAD
2024-12-08 09:49:56,468 - root - INFO -   - SSA 202414170: ADM
2024-12-08 09:49:56,468 - root - INFO -   - SSA 202412309: AAD
2024-12-08 09:49:56,468 - root - INFO -   - SSA 202412189: AAD
2024-12-08 09:49:56,468 - root - INFO -   - SSA 202410056: ADM
2024-12-08 09:49:56,468 - root - INFO -   - SSA 202410051: ADM
2024-12-08 09:49:56,468 - root - INFO -   - SSA 202409449: ADM
2024-12-08 09:49:56,468 - root - INFO -   - SSA 202408797: AAT
2024-12-08 09:49:56,468 - root - INFO -   - SSA 202401838: AAT
2024-12-08 09:49:56,468 - root - INFO -   - SSA 202315901: AAD
2024-12-08 09:49:56,468 - root - INFO -   - SSA 202312371: AAT
2024-12-08 09:49:56,468 - root - INFO -   - SSA 202308411: AAT
2024-12-08 09:49:56,468 - root - INFO -   - SSA 202307247: ADM
2024-12-08 09:49:56,468 - root - INFO -   - SSA 202204716: AAD
2024-12-08 09:49:56,468 - root - INFO -   - SSA 202418061: ADM
2024-12-08 09:49:56,468 - root - INFO -   - SSA 202318166: ADM
2024-12-08 09:49:56,468 - root - INFO -   - SSA 202316930: AAD
2024-12-08 09:49:56,468 - root - INFO -   - SSA 202316141: AAT
2024-12-08 09:49:56,468 - root - INFO -   - SSA 202304641: AAT
2024-12-08 09:49:56,468 - root - INFO -   - SSA 202304639: AAT
2024-12-08 09:49:56,468 - root - INFO - 
Responsável Execução: 'SILVA VARGAS FRANCISCO JAVIER'
2024-12-08 09:49:56,468 - root - INFO - Total SSAs: 11
2024-12-08 09:49:56,468 - root - INFO - Números das SSAs:
2024-12-08 09:49:56,468 - root - INFO -   - SSA 202316469: AAT
2024-12-08 09:49:56,468 - root - INFO -   - SSA 202418023: ADM
2024-12-08 09:49:56,468 - root - INFO -   - SSA 202414182: AAD
2024-12-08 09:49:56,468 - root - INFO -   - SSA 202413188: ADM
2024-12-08 09:49:56,468 - root - INFO -   - SSA 202408102: ADM
2024-12-08 09:49:56,468 - root - INFO -   - SSA 202408089: AAT
2024-12-08 09:49:56,468 - root - INFO -   - SSA 202406019: AAT
2024-12-08 09:49:56,468 - root - INFO -   - SSA 202418019: AAT
2024-12-08 09:49:56,469 - root - INFO -   - SSA 202417705: ADM
2024-12-08 09:49:56,469 - root - INFO -   - SSA 202416065: ADM
2024-12-08 09:49:56,469 - root - INFO -   - SSA 202410326: AAT
2024-12-08 09:49:56,469 - root - INFO - 
Responsável Execução: 'VILLAR RIVAS ALBERTO'
2024-12-08 09:49:56,469 - root - INFO - Total SSAs: 22
2024-12-08 09:49:56,469 - root - INFO - Números das SSAs:
2024-12-08 09:49:56,469 - root - INFO -   - SSA 202418844: ADM
2024-12-08 09:49:56,469 - root - INFO -   - SSA 202418330: ADM
2024-12-08 09:49:56,469 - root - INFO -   - SSA 202418329: ADM
2024-12-08 09:49:56,469 - root - INFO -   - SSA 202418235: AAD
2024-12-08 09:49:56,469 - root - INFO -   - SSA 202418234: AAD
2024-12-08 09:49:56,469 - root - INFO -   - SSA 202418232: ADM
2024-12-08 09:49:56,469 - root - INFO -   - SSA 202418230: ADM
2024-12-08 09:49:56,469 - root - INFO -   - SSA 202411981: ADM
2024-12-08 09:49:56,469 - root - INFO -   - SSA 202410715: ADM
2024-12-08 09:49:56,469 - root - INFO -   - SSA 202407349: ADM
2024-12-08 09:49:56,469 - root - INFO -   - SSA 202402751: ADM
2024-12-08 09:49:56,469 - root - INFO -   - SSA 202402415: AAT
2024-12-08 09:49:56,469 - root - INFO -   - SSA 202402414: AAT
2024-12-08 09:49:56,469 - root - INFO -   - SSA 202401484: ADM
2024-12-08 09:49:56,469 - root - INFO -   - SSA 202401482: ADM
2024-12-08 09:49:56,469 - root - INFO -   - SSA 202320822: AIM
2024-12-08 09:49:56,469 - root - INFO -   - SSA 202318398: AAT
2024-12-08 09:49:56,469 - root - INFO -   - SSA 202313969: AIM
2024-12-08 09:49:56,469 - root - INFO -   - SSA 202310994: AIM
2024-12-08 09:49:56,469 - root - INFO -   - SSA 202310985: AIM
2024-12-08 09:49:56,469 - root - INFO -   - SSA 202310952: AIM
2024-12-08 09:49:56,469 - root - INFO -   - SSA 202316688: AIM
2024-12-08 09:49:56,469 - root - INFO - 
=== Validação de Responsáveis Programação ===
2024-12-08 09:49:56,469 - root - INFO - 
Responsável Programação: 'ACOSTA FERNANDEZ RAMON ARIEL'
2024-12-08 09:49:56,469 - root - INFO - Total SSAs: 5
2024-12-08 09:49:56,469 - root - INFO - Números das SSAs:
2024-12-08 09:49:56,469 - root - INFO -   - SSA 202414242: APV
2024-12-08 09:49:56,469 - root - INFO -   - SSA 202311075: AAT
2024-12-08 09:49:56,469 - root - INFO -   - SSA 202416825: AAD
2024-12-08 09:49:56,469 - root - INFO -   - SSA 202416554: SPG
2024-12-08 09:49:56,469 - root - INFO -   - SSA 202208082: ADM
2024-12-08 09:49:56,469 - root - INFO - 
Responsável Programação: 'CARLOS RONEI ORTIZ'
2024-12-08 09:49:56,469 - root - INFO - Total SSAs: 2
2024-12-08 09:49:56,469 - root - INFO - Números das SSAs:
2024-12-08 09:49:56,469 - root - INFO -   - SSA 202305650: AAT
2024-12-08 09:49:56,469 - root - INFO -   - SSA 202210834: ADM
2024-12-08 09:49:56,469 - root - INFO - 
Responsável Programação: 'CASTILLO CENTURION ELIAS FRANCISCO'
2024-12-08 09:49:56,469 - root - INFO - Total SSAs: 53
2024-12-08 09:49:56,469 - root - INFO - Números das SSAs:
2024-12-08 09:49:56,469 - root - INFO -   - SSA 202403587: AAD
2024-12-08 09:49:56,469 - root - INFO -   - SSA 202403586: AAD
2024-12-08 09:49:56,469 - root - INFO -   - SSA 202315283: AAT
2024-12-08 09:49:56,469 - root - INFO -   - SSA 202412180: AAT
2024-12-08 09:49:56,469 - root - INFO -   - SSA 202407487: AAT
2024-12-08 09:49:56,469 - root - INFO -   - SSA 202407289: AAD
2024-12-08 09:49:56,469 - root - INFO -   - SSA 202320659: AAD
2024-12-08 09:49:56,469 - root - INFO -   - SSA 202320542: AAD
2024-12-08 09:49:56,469 - root - INFO -   - SSA 202320540: AAD
2024-12-08 09:49:56,469 - root - INFO -   - SSA 202320539: AAD
2024-12-08 09:49:56,469 - root - INFO -   - SSA 202320538: AAD
2024-12-08 09:49:56,469 - root - INFO -   - SSA 202320537: AAD
2024-12-08 09:49:56,469 - root - INFO -   - SSA 202320535: AAD
2024-12-08 09:49:56,469 - root - INFO -   - SSA 202320534: AAD
2024-12-08 09:49:56,470 - root - INFO -   - SSA 202320531: AAD
2024-12-08 09:49:56,470 - root - INFO -   - SSA 202320530: AAD
2024-12-08 09:49:56,470 - root - INFO -   - SSA 202320528: AAD
2024-12-08 09:49:56,470 - root - INFO -   - SSA 202320526: AAD
2024-12-08 09:49:56,470 - root - INFO -   - SSA 202320524: AAD
2024-12-08 09:49:56,470 - root - INFO -   - SSA 202320523: AAD
2024-12-08 09:49:56,470 - root - INFO -   - SSA 202320521: AAD
2024-12-08 09:49:56,470 - root - INFO -   - SSA 202320517: AAD
2024-12-08 09:49:56,470 - root - INFO -   - SSA 202320516: AAD
2024-12-08 09:49:56,470 - root - INFO -   - SSA 202320514: AAD
2024-12-08 09:49:56,470 - root - INFO -   - SSA 202318314: AAD
2024-12-08 09:49:56,470 - root - INFO -   - SSA 202317673: AAD
2024-12-08 09:49:56,470 - root - INFO -   - SSA 202317672: AAD
2024-12-08 09:49:56,470 - root - INFO -   - SSA 202317668: AAD
2024-12-08 09:49:56,470 - root - INFO -   - SSA 202317666: AAD
2024-12-08 09:49:56,470 - root - INFO -   - SSA 202317664: AAD
2024-12-08 09:49:56,470 - root - INFO -   - SSA 202317660: AAD
2024-12-08 09:49:56,470 - root - INFO -   - SSA 202317659: AAD
2024-12-08 09:49:56,470 - root - INFO -   - SSA 202317650: AAD
2024-12-08 09:49:56,470 - root - INFO -   - SSA 202317649: AAD
2024-12-08 09:49:56,470 - root - INFO -   - SSA 202317648: AAD
2024-12-08 09:49:56,470 - root - INFO -   - SSA 202317647: AAD
2024-12-08 09:49:56,470 - root - INFO -   - SSA 202317646: AAD
2024-12-08 09:49:56,470 - root - INFO -   - SSA 202317645: AAD
2024-12-08 09:49:56,470 - root - INFO -   - SSA 202317644: AAD
2024-12-08 09:49:56,470 - root - INFO -   - SSA 202317640: AAD
2024-12-08 09:49:56,470 - root - INFO -   - SSA 202317638: AAD
2024-12-08 09:49:56,470 - root - INFO -   - SSA 202317635: AAD
2024-12-08 09:49:56,470 - root - INFO -   - SSA 202315965: AAT
2024-12-08 09:49:56,470 - root - INFO -   - SSA 202314218: AAT
2024-12-08 09:49:56,470 - root - INFO -   - SSA 202314188: AAT
2024-12-08 09:49:56,470 - root - INFO -   - SSA 202311500: AAT
2024-12-08 09:49:56,470 - root - INFO -   - SSA 202311498: AAT
2024-12-08 09:49:56,470 - root - INFO -   - SSA 202216567: AAT
2024-12-08 09:49:56,470 - root - INFO -   - SSA 202209306: AAT
2024-12-08 09:49:56,470 - root - INFO -   - SSA 202209304: AAT
2024-12-08 09:49:56,470 - root - INFO -   - SSA 202209302: AAT
2024-12-08 09:49:56,470 - root - INFO -   - SSA 202209300: AAT
2024-12-08 09:49:56,470 - root - INFO -   - SSA 202208500: AAT
2024-12-08 09:49:56,470 - root - INFO - 
Responsável Programação: 'LOBO MARTINEZ JUAN ALBERTO'
2024-12-08 09:49:56,470 - root - INFO - Total SSAs: 18
2024-12-08 09:49:56,470 - root - INFO - Números das SSAs:
2024-12-08 09:49:56,470 - root - INFO -   - SSA 202315984: AAD
2024-12-08 09:49:56,470 - root - INFO -   - SSA 202309302: AAT
2024-12-08 09:49:56,470 - root - INFO -   - SSA 202223791: AAT
2024-12-08 09:49:56,470 - root - INFO -   - SSA 202315901: AAD
2024-12-08 09:49:56,470 - root - INFO -   - SSA 202315520: AAD
2024-12-08 09:49:56,470 - root - INFO -   - SSA 202310994: AIM
2024-12-08 09:49:56,470 - root - INFO -   - SSA 202308982: AAT
2024-12-08 09:49:56,470 - root - INFO -   - SSA 202307247: ADM
2024-12-08 09:49:56,470 - root - INFO -   - SSA 202304925: ADM
2024-12-08 09:49:56,470 - root - INFO -   - SSA 202225124: AAT
2024-12-08 09:49:56,470 - root - INFO -   - SSA 202316930: AAD
2024-12-08 09:49:56,470 - root - INFO -   - SSA 202316688: AIM
2024-12-08 09:49:56,470 - root - INFO -   - SSA 202316054: AAD
2024-12-08 09:49:56,470 - root - INFO -   - SSA 202316049: AAD
2024-12-08 09:49:56,470 - root - INFO -   - SSA 202316041: AAD
2024-12-08 09:49:56,470 - root - INFO -   - SSA 202316015: AAD
2024-12-08 09:49:56,470 - root - INFO -   - SSA 202316013: AAD
2024-12-08 09:49:56,470 - root - INFO -   - SSA 202316010: AAD
2024-12-08 09:49:56,470 - root - INFO - 
Responsável Programação: 'LUCAS COSTA CICARELLI'
2024-12-08 09:49:56,471 - root - INFO - Total SSAs: 10
2024-12-08 09:49:56,471 - root - INFO - Números das SSAs:
2024-12-08 09:49:56,471 - root - INFO -   - SSA 202408000: ADM
2024-12-08 09:49:56,471 - root - INFO -   - SSA 202307936: ADM
2024-12-08 09:49:56,471 - root - INFO -   - SSA 202307932: ADM
2024-12-08 09:49:56,471 - root - INFO -   - SSA 202307928: ADM
2024-12-08 09:49:56,471 - root - INFO -   - SSA 202307925: ADM
2024-12-08 09:49:56,471 - root - INFO -   - SSA 202307921: ADM
2024-12-08 09:49:56,471 - root - INFO -   - SSA 202307918: ADM
2024-12-08 09:49:56,471 - root - INFO -   - SSA 202320392: AAT
2024-12-08 09:49:56,471 - root - INFO -   - SSA 202209298: AAT
2024-12-08 09:49:56,471 - root - INFO -   - SSA 202209296: AAT
2024-12-08 09:49:56,471 - root - INFO - 
Responsável Programação: 'MARCOS ALOE YAMAMOTO'
2024-12-08 09:49:56,471 - root - INFO - Total SSAs: 1
2024-12-08 09:49:56,471 - root - INFO - Números das SSAs:
2024-12-08 09:49:56,471 - root - INFO -   - SSA 202219292: ADM
2024-12-08 09:49:56,471 - root - INFO - 
Responsável Programação: 'MAURICIO MENON'
2024-12-08 09:49:56,471 - root - INFO - Total SSAs: 31
2024-12-08 09:49:56,471 - root - INFO - Números das SSAs:
2024-12-08 09:49:56,471 - root - INFO -   - SSA 202417954: ADM
2024-12-08 09:49:56,471 - root - INFO -   - SSA 202417496: SPG
2024-12-08 09:49:56,471 - root - INFO -   - SSA 202410873: ADM
2024-12-08 09:49:56,471 - root - INFO -   - SSA 202404353: AAD
2024-12-08 09:49:56,471 - root - INFO -   - SSA 202404349: AAD
2024-12-08 09:49:56,471 - root - INFO -   - SSA 202401930: ADM
2024-12-08 09:49:56,471 - root - INFO -   - SSA 202303449: AAD
2024-12-08 09:49:56,471 - root - INFO -   - SSA 202303082: AAD
2024-12-08 09:49:56,471 - root - INFO -   - SSA 202300670: ADM
2024-12-08 09:49:56,471 - root - INFO -   - SSA 202418340: ADM
2024-12-08 09:49:56,471 - root - INFO -   - SSA 202417764: ADM
2024-12-08 09:49:56,471 - root - INFO -   - SSA 202417763: ADM
2024-12-08 09:49:56,471 - root - INFO -   - SSA 202417708: ADM
2024-12-08 09:49:56,471 - root - INFO -   - SSA 202417275: AAD
2024-12-08 09:49:56,471 - root - INFO -   - SSA 202414170: ADM
2024-12-08 09:49:56,471 - root - INFO -   - SSA 202412309: AAD
2024-12-08 09:49:56,471 - root - INFO -   - SSA 202412189: AAD
2024-12-08 09:49:56,471 - root - INFO -   - SSA 202410056: ADM
2024-12-08 09:49:56,471 - root - INFO -   - SSA 202410051: ADM
2024-12-08 09:49:56,471 - root - INFO -   - SSA 202409449: ADM
2024-12-08 09:49:56,471 - root - INFO -   - SSA 202408797: AAT
2024-12-08 09:49:56,471 - root - INFO -   - SSA 202401838: AAT
2024-12-08 09:49:56,471 - root - INFO -   - SSA 202312375: AAD
2024-12-08 09:49:56,471 - root - INFO -   - SSA 202312371: AAT
2024-12-08 09:49:56,471 - root - INFO -   - SSA 202308411: AAT
2024-12-08 09:49:56,472 - root - INFO -   - SSA 202204716: AAD
2024-12-08 09:49:56,472 - root - INFO -   - SSA 202418061: ADM
2024-12-08 09:49:56,472 - root - INFO -   - SSA 202318166: ADM
2024-12-08 09:49:56,472 - root - INFO -   - SSA 202316141: AAT
2024-12-08 09:49:56,472 - root - INFO -   - SSA 202304641: AAT
2024-12-08 09:49:56,472 - root - INFO -   - SSA 202304639: AAT
2024-12-08 09:49:56,472 - root - INFO - 
Responsável Programação: 'SILVA VARGAS FRANCISCO JAVIER'
2024-12-08 09:49:56,472 - root - INFO - Total SSAs: 26
2024-12-08 09:49:56,472 - root - INFO - Números das SSAs:
2024-12-08 09:49:56,472 - root - INFO -   - SSA 202407782: SPG
2024-12-08 09:49:56,472 - root - INFO -   - SSA 202405093: SPG
2024-12-08 09:49:56,472 - root - INFO -   - SSA 202404581: SPG
2024-12-08 09:49:56,472 - root - INFO -   - SSA 202317755: SPG
2024-12-08 09:49:56,472 - root - INFO -   - SSA 202316469: AAT
2024-12-08 09:49:56,472 - root - INFO -   - SSA 202304752: ADM
2024-12-08 09:49:56,472 - root - INFO -   - SSA 202418047: SPG
2024-12-08 09:49:56,472 - root - INFO -   - SSA 202418023: ADM
2024-12-08 09:49:56,472 - root - INFO -   - SSA 202414182: AAD
2024-12-08 09:49:56,472 - root - INFO -   - SSA 202413188: ADM
2024-12-08 09:49:56,472 - root - INFO -   - SSA 202413077: SCD
2024-12-08 09:49:56,472 - root - INFO -   - SSA 202412872: SPG
2024-12-08 09:49:56,472 - root - INFO -   - SSA 202412811: SPG
2024-12-08 09:49:56,472 - root - INFO -   - SSA 202412570: SPG
2024-12-08 09:49:56,472 - root - INFO -   - SSA 202409608: SPG
2024-12-08 09:49:56,472 - root - INFO -   - SSA 202408102: ADM
2024-12-08 09:49:56,472 - root - INFO -   - SSA 202408089: AAT
2024-12-08 09:49:56,472 - root - INFO -   - SSA 202406019: AAT
2024-12-08 09:49:56,472 - root - INFO -   - SSA 202404436: SPG
2024-12-08 09:49:56,472 - root - INFO -   - SSA 202310985: AIM
2024-12-08 09:49:56,472 - root - INFO -   - SSA 202310952: AIM
2024-12-08 09:49:56,472 - root - INFO -   - SSA 202310372: ADM
2024-12-08 09:49:56,473 - root - INFO -   - SSA 202418019: AAT
2024-12-08 09:49:56,473 - root - INFO -   - SSA 202417705: ADM
2024-12-08 09:49:56,473 - root - INFO -   - SSA 202416065: ADM
2024-12-08 09:49:56,473 - root - INFO -   - SSA 202410326: AAT
2024-12-08 09:49:56,473 - root - INFO - 
Responsável Programação: 'VILLAR RIVAS ALBERTO'
2024-12-08 09:49:56,473 - root - INFO - Total SSAs: 18
2024-12-08 09:49:56,473 - root - INFO - Números das SSAs:
2024-12-08 09:49:56,473 - root - INFO -   - SSA 202418844: ADM
2024-12-08 09:49:56,473 - root - INFO -   - SSA 202418330: ADM
2024-12-08 09:49:56,473 - root - INFO -   - SSA 202418329: ADM
2024-12-08 09:49:56,473 - root - INFO -   - SSA 202418235: AAD
2024-12-08 09:49:56,473 - root - INFO -   - SSA 202418234: AAD
2024-12-08 09:49:56,473 - root - INFO -   - SSA 202418232: ADM
2024-12-08 09:49:56,473 - root - INFO -   - SSA 202418230: ADM
2024-12-08 09:49:56,473 - root - INFO -   - SSA 202411981: ADM
2024-12-08 09:49:56,473 - root - INFO -   - SSA 202410715: ADM
2024-12-08 09:49:56,473 - root - INFO -   - SSA 202407349: ADM
2024-12-08 09:49:56,473 - root - INFO -   - SSA 202402751: ADM
2024-12-08 09:49:56,473 - root - INFO -   - SSA 202402415: AAT
2024-12-08 09:49:56,473 - root - INFO -   - SSA 202402414: AAT
2024-12-08 09:49:56,473 - root - INFO -   - SSA 202401484: ADM
2024-12-08 09:49:56,473 - root - INFO -   - SSA 202401482: ADM
2024-12-08 09:49:56,473 - root - INFO -   - SSA 202320822: AIM
2024-12-08 09:49:56,473 - root - INFO -   - SSA 202318398: AAT
2024-12-08 09:49:56,473 - root - INFO -   - SSA 202313969: AIM
2024-12-08 09:49:56,473 - root - INFO - 
=== Primeiro Objeto Convertido (Verificação) ===
2024-12-08 09:49:56,473 - root - INFO - Número: 202417954
2024-12-08 09:49:56,473 - root - INFO - Data de emissão: 2024-11-11 10:23:04
2024-12-08 09:49:56,473 - root - INFO - Prioridade: PROGRAMÁVEL
2024-12-08 09:49:56,473 - root - INFO - Setor executor: IEE3
2024-12-08 09:49:56,473 - root - INFO - Responsável execução: MAURICIO MENON
2024-12-08 09:49:56,473 - root - INFO - Responsável programação: MAURICIO MENON
2024-12-08 09:49:56,474 - root - INFO - === Estatísticas do Carregamento ===
2024-12-08 09:49:56,474 - root - INFO - Total de registros: 190
2024-12-08 09:49:56,474 - root - INFO - SSAs válidas: 190
2024-12-08 09:49:56,474 - root - INFO - total_ssas: 190
2024-12-08 09:49:56,474 - root - INFO - ssas_com_responsavel: 151
2024-12-08 09:49:56,474 - root - INFO - ssas_sem_responsavel: 39
2024-12-08 09:49:56,474 - root - INFO - setores_executores: 1
2024-12-08 09:49:56,486 - DashboardLogger - INFO - Iniciando servidor do dashboard
2024-12-08 09:50:56,963 - DashboardLogger - INFO - Nova conexão de IP: 127.0.0.1
2024-12-08 09:50:56,965 - DashboardLogger - INFO - Acesso à rota: /
2024-12-08 09:50:57,045 - DashboardLogger - INFO - Acesso à rota: /_dash-component-suites/dash/deps/polyfill@7.v2_18_2m1733662006.12.1.min.js
2024-12-08 09:50:57,049 - DashboardLogger - INFO - Acesso à rota: /_dash-component-suites/dash/deps/react@16.v2_18_2m1733662006.14.0.js
2024-12-08 09:50:57,052 - DashboardLogger - INFO - Acesso à rota: /_dash-component-suites/dash/deps/react-dom@16.v2_18_2m1733662006.14.0.js
2024-12-08 09:50:57,057 - DashboardLogger - INFO - Acesso à rota: /_dash-component-suites/dash/deps/prop-types@15.v2_18_2m1733662006.8.1.js
2024-12-08 09:50:57,060 - DashboardLogger - INFO - Acesso à rota: /_dash-component-suites/dash_bootstrap_components/_components/dash_bootstrap_components.v1_6_0m1733662126.min.js
2024-12-08 09:50:57,064 - DashboardLogger - INFO - Acesso à rota: /_dash-component-suites/dash/dash-renderer/build/dash_renderer.v2_18_2m1733662006.dev.js
2024-12-08 09:50:57,069 - DashboardLogger - INFO - Acesso à rota: /_dash-component-suites/dash/dcc/dash_core_components.v2_14_3m1733662006.js
2024-12-08 09:50:57,075 - DashboardLogger - INFO - Acesso à rota: /_dash-component-suites/dash/dcc/dash_core_components-shared.v2_14_3m1733662006.js
2024-12-08 09:50:57,083 - DashboardLogger - INFO - Acesso à rota: /_dash-component-suites/dash/html/dash_html_components.v2_0_20m1733662006.min.js
2024-12-08 09:50:57,084 - DashboardLogger - INFO - Acesso à rota: /_dash-component-suites/dash/dash_table/bundle.v5_2_13m1733662006.js
2024-12-08 09:50:57,547 - DashboardLogger - INFO - Acesso à rota: /_dash-layout
2024-12-08 09:50:57,551 - DashboardLogger - INFO - Acesso à rota: /_dash-dependencies
2024-12-08 09:50:57,638 - DashboardLogger - INFO - Acesso à rota: /_dash-component-suites/dash/dcc/async-dropdown.js
2024-12-08 09:50:57,654 - DashboardLogger - INFO - Acesso à rota: /_dash-component-suites/dash/dcc/async-graph.js
2024-12-08 09:50:57,655 - DashboardLogger - INFO - Acesso à rota: /_dash-component-suites/plotly/package_data/plotly.min.js
2024-12-08 09:50:57,679 - DashboardLogger - INFO - Acesso à rota: /_dash-component-suites/dash/dash_table/async-highlight.js
2024-12-08 09:50:57,683 - DashboardLogger - INFO - Acesso à rota: /_dash-component-suites/dash/dash_table/async-table.js
2024-12-08 09:50:57,724 - DashboardLogger - INFO - Acesso à rota: /_favicon.ico
2024-12-08 09:50:57,748 - DashboardLogger - INFO - Acesso à rota: /_dash-update-component
2024-12-08 09:51:00,552 - DashboardLogger - INFO - Acesso à rota: /_reload-hash
2024-12-08 09:51:14,682 - DashboardLogger - INFO - Visualização de SSAs: SSAs do programador CASTILLO CENTURION ELIAS FRANCISCO
2024-12-08 10:07:43,773 - DashboardLogger - INFO - Acesso à rota: /_reload-hash
2024-12-08 10:13:48,466 - DashboardLogger - INFO - Acesso à rota: /_reload-hash
2024-12-08 10:14:24,737 - DashboardLogger - INFO - Acesso à rota: /_dash-update-component
2024-12-08 10:14:24,740 - DashboardLogger - INFO - Filters applied - Prog: CARLOS RONEI ORTIZ, Exec: None, Issuer: None, Executor: None
2024-12-08 10:14:50,346 - DashboardLogger - INFO - Filters applied - Prog: CARLOS RONEI ORTIZ, Exec: CARLOS RONEI ORTIZ, Issuer: None, Executor: None
2024-12-08 10:14:53,277 - DashboardLogger - INFO - Filters applied - Prog: CARLOS RONEI ORTIZ, Exec: CARLOS RONEI ORTIZ, Issuer: IEE3, Executor: None
2024-12-08 10:14:53,319 - DashboardLogger - ERROR - Error updating charts: 'SSAVisualizer' object has no attribute '_create_empty_chart'
2024-12-08 10:18:03,517 - DashboardLogger - INFO - Atualização automática dos dados
2024-12-08 10:19:07,602 - DashboardLogger - INFO - Acesso à rota: /_reload-hash
2024-12-08 10:23:03,813 - DashboardLogger - INFO - Acesso à rota: /_dash-update-component
2024-12-08 10:23:03,817 - DashboardLogger - INFO - Atualização automática dos dados
2024-12-08 10:26:41,566 - DashboardLogger - INFO - Acesso à rota: /_reload-hash
2024-12-08 10:33:03,715 - DashboardLogger - INFO - Acesso à rota: /_dash-update-component
2024-12-08 10:33:03,717 - DashboardLogger - INFO - Atualização automática dos dados
2024-12-08 10:34:01,542 - DashboardLogger - INFO - Acesso à rota: /_reload-hash
2024-12-08 10:38:03,890 - DashboardLogger - INFO - Acesso à rota: /_dash-update-component
2024-12-08 10:38:03,892 - DashboardLogger - INFO - Atualização automática dos dados
2024-12-08 10:41:21,611 - DashboardLogger - INFO - Acesso à rota: /_reload-hash
2024-12-08 10:43:04,023 - DashboardLogger - INFO - Acesso à rota: /_dash-update-component
2024-12-08 10:43:04,026 - DashboardLogger - INFO - Atualização automática dos dados
2024-12-08 10:48:41,546 - DashboardLogger - INFO - Acesso à rota: /_reload-hash
2024-12-08 10:48:41,689 - DashboardLogger - INFO - Acesso à rota: /_dash-update-component
2024-12-08 10:48:41,691 - DashboardLogger - INFO - Atualização automática dos dados
2024-12-08 10:56:01,611 - DashboardLogger - INFO - Acesso à rota: /_reload-hash
2024-12-08 10:56:01,766 - DashboardLogger - INFO - Acesso à rota: /_dash-update-component
2024-12-08 10:56:01,767 - DashboardLogger - INFO - Atualização automática dos dados
2024-12-08 11:03:21,668 - DashboardLogger - INFO - Acesso à rota: /_reload-hash
2024-12-08 11:10:41,565 - DashboardLogger - INFO - Acesso à rota: /_reload-hash
2024-12-08 11:10:41,590 - DashboardLogger - INFO - Acesso à rota: /_dash-update-component
2024-12-08 11:10:41,590 - DashboardLogger - INFO - Atualização automática dos dados
2024-12-08 11:18:01,795 - DashboardLogger - INFO - Acesso à rota: /_reload-hash
2024-12-08 11:18:01,908 - DashboardLogger - INFO - Acesso à rota: /_dash-update-component
2024-12-08 11:18:01,908 - DashboardLogger - INFO - Atualização automática dos dados
2024-12-08 11:25:21,655 - DashboardLogger - INFO - Acesso à rota: /_reload-hash
2024-12-08 11:25:21,775 - DashboardLogger - INFO - Acesso à rota: /_dash-update-component
2024-12-08 11:25:21,776 - DashboardLogger - INFO - Atualização automática dos dados
2024-12-08 11:32:41,670 - DashboardLogger - INFO - Acesso à rota: /_reload-hash
2024-12-08 11:32:41,737 - DashboardLogger - INFO - Acesso à rota: /_dash-update-component
2024-12-08 11:32:41,738 - DashboardLogger - INFO - Atualização automática dos dados
2024-12-08 11:40:01,737 - DashboardLogger - INFO - Acesso à rota: /_reload-hash
2024-12-08 11:40:01,791 - DashboardLogger - INFO - Acesso à rota: /_dash-update-component
2024-12-08 11:40:01,792 - DashboardLogger - INFO - Atualização automática dos dados
2024-12-08 11:47:21,859 - DashboardLogger - INFO - Acesso à rota: /_reload-hash
2024-12-08 11:47:21,973 - DashboardLogger - INFO - Acesso à rota: /_dash-update-component
2024-12-08 11:47:21,974 - DashboardLogger - INFO - Atualização automática dos dados
2024-12-08 11:54:41,737 - DashboardLogger - INFO - Acesso à rota: /_reload-hash
2024-12-08 11:54:41,845 - DashboardLogger - INFO - Acesso à rota: /_dash-update-component
2024-12-08 11:54:41,846 - DashboardLogger - INFO - Atualização automática dos dados
2024-12-08 12:02:01,744 - DashboardLogger - INFO - Acesso à rota: /_reload-hash
2024-12-08 12:02:01,812 - DashboardLogger - INFO - Acesso à rota: /_dash-update-component
2024-12-08 12:02:01,812 - DashboardLogger - INFO - Atualização automática dos dados
2024-12-08 12:09:21,773 - DashboardLogger - INFO - Acesso à rota: /_reload-hash
2024-12-08 12:09:21,840 - DashboardLogger - INFO - Acesso à rota: /_dash-update-component
2024-12-08 12:09:21,841 - DashboardLogger - INFO - Atualização automática dos dados
2024-12-08 16:58:39,017 - DashboardLogger - INFO - Acesso à rota: /_reload-hash
2024-12-08 16:58:39,151 - DashboardLogger - INFO - Acesso à rota: /_dash-update-component
2024-12-08 16:58:39,152 - DashboardLogger - INFO - Atualização automática dos dados
2024-12-08 17:31:05,471 - DashboardLogger - INFO - Acesso à rota: /_reload-hash
2024-12-08 17:31:05,790 - DashboardLogger - INFO - Acesso à rota: /_dash-update-component
2024-12-08 17:31:05,795 - DashboardLogger - INFO - Atualização automática dos dados
2024-12-08 17:53:22,415 - DashboardLogger - INFO - Acesso à rota: /_reload-hash
2024-12-08 17:53:22,501 - DashboardLogger - INFO - Acesso à rota: /_dash-update-component
2024-12-08 17:53:22,502 - DashboardLogger - INFO - Atualização automática dos dados
2024-12-08 18:31:40,832 - DashboardLogger - INFO - Acesso à rota: /_reload-hash
2024-12-08 18:31:40,864 - DashboardLogger - INFO - Acesso à rota: /_dash-update-component
2024-12-08 18:31:40,865 - DashboardLogger - INFO - Atualização automática dos dados
2024-12-08 18:39:00,844 - DashboardLogger - INFO - Acesso à rota: /_reload-hash
2024-12-08 18:39:00,970 - DashboardLogger - INFO - Acesso à rota: /_dash-update-component
2024-12-08 18:39:00,972 - DashboardLogger - INFO - Atualização automática dos dados
2024-12-08 18:46:20,658 - DashboardLogger - INFO - Acesso à rota: /_reload-hash
2024-12-08 18:46:20,765 - DashboardLogger - INFO - Acesso à rota: /_dash-update-component
2024-12-08 18:46:20,766 - DashboardLogger - INFO - Atualização automática dos dados
2024-12-08 18:53:40,678 - DashboardLogger - INFO - Acesso à rota: /_reload-hash
2024-12-08 18:53:40,741 - DashboardLogger - INFO - Acesso à rota: /_dash-update-component
2024-12-08 18:53:40,741 - DashboardLogger - INFO - Atualização automática dos dados
2024-12-08 19:01:00,670 - DashboardLogger - INFO - Acesso à rota: /_reload-hash
2024-12-08 19:01:00,723 - DashboardLogger - INFO - Acesso à rota: /_dash-update-component
2024-12-08 19:01:00,726 - DashboardLogger - INFO - Atualização automática dos dados
2024-12-08 19:08:20,815 - DashboardLogger - INFO - Acesso à rota: /_reload-hash
2024-12-08 19:08:20,963 - DashboardLogger - INFO - Acesso à rota: /_dash-update-component
2024-12-08 19:08:20,965 - DashboardLogger - INFO - Atualização automática dos dados
2024-12-08 19:15:40,738 - DashboardLogger - INFO - Acesso à rota: /_reload-hash
2024-12-08 19:15:40,862 - DashboardLogger - INFO - Acesso à rota: /_dash-update-component
2024-12-08 19:15:40,864 - DashboardLogger - INFO - Atualização automática dos dados
2024-12-08 19:23:00,671 - DashboardLogger - INFO - Acesso à rota: /_reload-hash
2024-12-08 19:23:00,735 - DashboardLogger - INFO - Acesso à rota: /_dash-update-component
2024-12-08 19:23:00,736 - DashboardLogger - INFO - Atualização automática dos dados
2024-12-08 19:30:20,962 - DashboardLogger - INFO - Acesso à rota: /_reload-hash
2024-12-08 19:30:21,089 - DashboardLogger - INFO - Acesso à rota: /_dash-update-component
2024-12-08 19:30:21,090 - DashboardLogger - INFO - Atualização automática dos dados
2024-12-08 19:37:40,978 - DashboardLogger - INFO - Acesso à rota: /_reload-hash
2024-12-08 19:37:41,141 - DashboardLogger - INFO - Acesso à rota: /_dash-update-component
2024-12-08 19:37:41,144 - DashboardLogger - INFO - Atualização automática dos dados
2024-12-08 19:45:00,847 - DashboardLogger - INFO - Acesso à rota: /_reload-hash
2024-12-08 19:45:00,984 - DashboardLogger - INFO - Acesso à rota: /_dash-update-component
2024-12-08 19:45:00,984 - DashboardLogger - INFO - Atualização automática dos dados
2024-12-08 19:52:20,773 - DashboardLogger - INFO - Acesso à rota: /_reload-hash
2024-12-08 19:52:20,845 - DashboardLogger - INFO - Acesso à rota: /_dash-update-component
2024-12-08 19:52:20,846 - DashboardLogger - INFO - Atualização automática dos dados
2024-12-08 19:59:40,846 - DashboardLogger - INFO - Acesso à rota: /_reload-hash
2024-12-08 19:59:40,919 - DashboardLogger - INFO - Acesso à rota: /_dash-update-component
2024-12-08 19:59:40,919 - DashboardLogger - INFO - Atualização automática dos dados
2024-12-08 20:07:00,928 - DashboardLogger - INFO - Acesso à rota: /_reload-hash
2024-12-08 20:07:01,058 - DashboardLogger - INFO - Acesso à rota: /_dash-update-component
2024-12-08 20:07:01,059 - DashboardLogger - INFO - Atualização automática dos dados
2024-12-08 20:14:20,869 - DashboardLogger - INFO - Acesso à rota: /_reload-hash
2024-12-08 20:14:20,995 - DashboardLogger - INFO - Acesso à rota: /_dash-update-component
2024-12-08 20:14:20,996 - DashboardLogger - INFO - Atualização automática dos dados
2024-12-08 20:40:38,013 - DashboardLogger - INFO - Acesso à rota: /_reload-hash
2024-12-08 20:40:38,070 - DashboardLogger - INFO - Acesso à rota: /_dash-update-component
2024-12-08 20:40:38,071 - DashboardLogger - INFO - Atualização automática dos dados
2024-12-08 20:47:58,647 - DashboardLogger - INFO - Acesso à rota: /_reload-hash
2024-12-08 20:47:58,784 - DashboardLogger - INFO - Acesso à rota: /_dash-update-component
2024-12-08 20:47:58,785 - DashboardLogger - INFO - Atualização automática dos dados
2024-12-08 20:55:18,138 - DashboardLogger - INFO - Acesso à rota: /_reload-hash
2024-12-08 20:55:18,293 - DashboardLogger - INFO - Acesso à rota: /_dash-update-component
2024-12-08 20:55:18,295 - DashboardLogger - INFO - Atualização automática dos dados
2024-12-08 21:02:37,951 - DashboardLogger - INFO - Acesso à rota: /_reload-hash
2024-12-08 21:02:38,050 - DashboardLogger - INFO - Acesso à rota: /_dash-update-component
2024-12-08 21:02:38,051 - DashboardLogger - INFO - Atualização automática dos dados
2024-12-08 21:09:57,929 - DashboardLogger - INFO - Acesso à rota: /_reload-hash
2024-12-08 21:09:57,986 - DashboardLogger - INFO - Acesso à rota: /_dash-update-component
2024-12-08 21:09:57,986 - DashboardLogger - INFO - Atualização automática dos dados
2024-12-08 21:17:17,950 - DashboardLogger - INFO - Acesso à rota: /_reload-hash
2024-12-08 21:17:18,007 - DashboardLogger - INFO - Acesso à rota: /_dash-update-component
2024-12-08 21:17:18,010 - DashboardLogger - INFO - Atualização automática dos dados
2024-12-08 21:24:38,131 - DashboardLogger - INFO - Acesso à rota: /_reload-hash
2024-12-08 21:24:38,247 - DashboardLogger - INFO - Acesso à rota: /_dash-update-component
2024-12-08 21:24:38,250 - DashboardLogger - INFO - Atualização automática dos dados
2024-12-08 21:31:57,987 - DashboardLogger - INFO - Acesso à rota: /_reload-hash
2024-12-08 21:31:58,091 - DashboardLogger - INFO - Acesso à rota: /_dash-update-component
2024-12-08 21:31:58,092 - DashboardLogger - INFO - Atualização automática dos dados
2024-12-09 00:05:07,387 - DashboardLogger - INFO - Acesso à rota: /_reload-hash
2024-12-09 00:05:07,388 - DashboardLogger - INFO - Acesso à rota: /_dash-update-component
2024-12-09 00:05:07,391 - DashboardLogger - INFO - Atualização automática dos dados
2024-12-09 00:47:12,856 - DashboardLogger - INFO - Acesso à rota: /_reload-hash
2024-12-09 00:47:12,858 - DashboardLogger - INFO - Acesso à rota: /_dash-update-component
2024-12-09 00:47:12,869 - DashboardLogger - INFO - Atualização automática dos dados
2024-12-09 00:47:17,212 - DashboardLogger - INFO - Filters applied - Prog: CARLOS RONEI ORTIZ, Exec: CARLOS RONEI ORTIZ, Issuer: None, Executor: None
